2024-10-15 10:16:20.174 [info] [main] Log level: Info
2024-10-15 10:16:20.174 [info] [main] Validating found git in: "git"
2024-10-15 10:16:20.174 [info] [main] Using git "2.39.5" from "git"
2024-10-15 10:16:20.174 [info] [Model][doInitialScan] Initial repository scan started
2024-10-15 10:16:20.174 [info] > git rev-parse --show-toplevel [4ms]
2024-10-15 10:16:20.174 [info] > git rev-parse --git-dir --git-common-dir [13ms]
2024-10-15 10:16:20.174 [info] [Model][openRepository] Opened repository: /home/lucky/Documents/projects/c/3d_renderer
2024-10-15 10:16:20.182 [info] > git rev-parse --show-toplevel [2ms]
2024-10-15 10:16:20.182 [info] > git config --get commit.template [5ms]
2024-10-15 10:16:20.201 [info] > git for-each-ref --format %(refname) %(objectname) %(*objectname) refs/tags [12ms]
2024-10-15 10:16:20.207 [info] > git rev-parse --show-toplevel [21ms]
2024-10-15 10:16:20.207 [info] [Model][doInitialScan] Initial repository scan completed - repositories (1), closed repositories (0), parent repositories (0), unsafe repositories (0)
2024-10-15 10:16:20.215 [info] > git status -z -uall [11ms]
2024-10-15 10:16:20.216 [info] > git for-each-ref --sort -committerdate --format %(refname) %(objectname) %(*objectname) [9ms]
2024-10-15 10:16:20.230 [info] > git config --get commit.template [2ms]
2024-10-15 10:16:20.257 [info] > git for-each-ref --format %(refname) %(objectname) %(*objectname) refs/tags [4ms]
2024-10-15 10:16:20.263 [info] > git status -z -uall [3ms]
2024-10-15 10:16:20.264 [info] > git for-each-ref --sort -committerdate --format %(refname) %(objectname) %(*objectname) [0ms]
2024-10-15 10:16:20.697 [info] > git check-ignore -v -z --stdin [0ms]
2024-10-15 10:16:24.990 [info] > git show --textconv :src/main.cpp [5ms]
2024-10-15 10:16:24.991 [info] > git ls-files --stage -- /home/lucky/Documents/projects/c/3d_renderer/src/main.cpp [1ms]
2024-10-15 10:16:24.996 [info] > git cat-file -s 147706c082461211fdbac0378ea7b7517a995784 [1ms]
2024-10-15 10:16:27.554 [info] > git show --textconv :src/projector.hpp [9ms]
2024-10-15 10:16:27.555 [info] > git ls-files --stage -- /home/lucky/Documents/projects/c/3d_renderer/src/projector.hpp [2ms]
2024-10-15 10:16:27.563 [info] > git cat-file -s b7a33fe3e1dd17f96b91f927eb685c3e60cdafb4 [1ms]
2024-10-15 10:16:36.926 [info] > git show --textconv :src/screen.hpp [9ms]
2024-10-15 10:16:36.928 [info] > git ls-files --stage -- /home/lucky/Documents/projects/c/3d_renderer/src/screen.hpp [3ms]
2024-10-15 10:16:36.936 [info] > git cat-file -s 483f7bfabd031b7a065c85277548fc1dc74380ff [1ms]
2024-10-15 10:16:44.703 [info] > git show --textconv :src/shape.hpp [9ms]
2024-10-15 10:16:44.704 [info] > git ls-files --stage -- /home/lucky/Documents/projects/c/3d_renderer/src/shape.hpp [2ms]
2024-10-15 10:16:44.715 [info] > git cat-file -s e67003890c1ada9b9b412ad50badd984704fde3d [5ms]
2024-10-15 10:16:45.935 [info] > git show --textconv :src/main.cpp [8ms]
2024-10-15 10:16:45.937 [info] > git ls-files --stage -- /home/lucky/Documents/projects/c/3d_renderer/src/main.cpp [2ms]
2024-10-15 10:16:45.942 [info] > git cat-file -s 147706c082461211fdbac0378ea7b7517a995784 [1ms]
2024-10-15 10:16:46.686 [info] > git show --textconv :src/camera.hpp [9ms]
2024-10-15 10:16:46.688 [info] > git ls-files --stage -- /home/lucky/Documents/projects/c/3d_renderer/src/camera.hpp [3ms]
2024-10-15 10:16:46.696 [info] > git cat-file -s 32919a64fa6e924eebe668d80c7403d6331a947e [2ms]
