2024-09-05 15:30:12.376 [info] Configuration changed
2024-09-05 15:30:21.837 [info] Active editor: file:///home/lucky/Documents/projects/c/lil_engine/src/main.cpp
2024-09-05 15:30:44.539 [info] Active editor: file:///home/lucky/Documents/projects/c/lil_engine/src/main.cpp
2024-09-05 15:30:49.959 [info] Executing :w
2024-09-05 15:30:53.587 [info] Executing :w
2024-09-05 15:30:58.437 [info] Executing :w
2024-09-05 15:30:59.573 [info] Executing :w
2024-09-05 15:31:00.044 [info] Executing :w
2024-09-05 15:31:03.632 [info] Executing :w
2024-09-05 15:31:04.135 [info] Executing :w
2024-09-05 15:31:10.363 [info] Executing :w
2024-09-05 15:31:10.926 [info] Executing :w
2024-09-05 15:38:21.780 [info] Executing :w
2024-09-05 15:39:38.328 [info] Executing :w
2024-09-05 15:42:17.390 [info] Executing :w
2024-09-05 15:42:18.680 [info] Executing :w
2024-09-05 15:42:22.083 [info] Executing :w
2024-09-05 15:42:22.643 [info] Executing :w
2024-09-05 15:42:23.179 [info] Executing :w
2024-09-05 15:42:24.216 [info] Executing :w
2024-09-05 15:42:24.803 [info] Executing :w
2024-09-05 15:43:37.219 [info] Executing :w
2024-09-05 15:44:15.843 [info] Executing :w
2024-09-05 15:44:18.988 [info] Executing :w
2024-09-05 15:45:15.350 [info] Executing :w
2024-09-05 15:45:19.434 [info] Executing :w
2024-09-05 15:46:04.423 [info] Executing :w
2024-09-05 15:46:08.335 [info] Executing :w
2024-09-05 15:46:08.840 [info] Executing :w
2024-09-05 15:46:09.335 [info] Executing :w
2024-09-05 15:46:12.375 [info] Executing :w
2024-09-05 15:46:15.352 [info] Executing :w
2024-09-05 15:46:15.883 [info] Executing :w
2024-09-05 15:46:16.389 [info] Executing :w
2024-09-05 15:46:20.386 [info] Executing :w
2024-09-05 15:46:21.019 [info] Executing :w
2024-09-05 15:46:28.044 [info] Executing :w
2024-09-05 15:46:28.642 [info] Executing :w
2024-09-05 15:46:47.521 [info] Executing :w
2024-09-05 15:46:53.271 [info] Executing :w
2024-09-05 15:46:54.404 [info] Executing :w
2024-09-05 15:46:54.864 [info] Executing :w
2024-09-05 15:46:55.834 [info] Executing :w
2024-09-05 15:47:11.764 [info] Executing :w
2024-09-05 15:47:15.587 [info] Executing :w
2024-09-05 15:47:16.107 [info] Executing :w
2024-09-05 15:47:51.275 [info] Executing :w
2024-09-05 15:47:58.929 [info] Executing :w
2024-09-05 15:47:59.445 [info] Executing :w
2024-09-05 15:47:59.905 [info] Executing :w
2024-09-05 15:48:16.482 [info] Executing :w
2024-09-05 15:48:16.963 [info] Executing :w
2024-09-05 15:48:17.504 [info] Executing :w
2024-09-05 15:48:17.969 [info] Executing :w
2024-09-05 15:48:22.438 [info] Executing :w
2024-09-05 15:48:24.971 [info] Executing :w
2024-09-05 15:48:37.381 [info] Executing :w
2024-09-05 15:48:38.508 [info] Executing :w
2024-09-05 15:48:39.575 [info] Executing :w
2024-09-05 15:48:48.493 [info] Executing :w
2024-09-05 15:48:49.721 [info] Executing :w
2024-09-05 15:48:50.197 [info] Executing :w
2024-09-05 15:48:52.861 [info] Executing :w
2024-09-05 15:48:53.382 [info] Executing :w
2024-09-05 15:49:03.331 [info] Executing :w
2024-09-05 15:49:04.338 [info] Executing :w
2024-09-05 15:49:38.735 [info] Executing :w
2024-09-05 15:49:39.236 [info] Executing :w
2024-09-05 15:49:39.735 [info] Executing :w
2024-09-05 15:49:40.246 [info] Executing :w
2024-09-05 15:49:40.772 [info] Executing :w
2024-09-05 15:50:01.240 [info] Executing :w
2024-09-05 15:50:02.509 [info] Executing :w
2024-09-05 15:50:03.030 [info] Executing :w
2024-09-05 15:50:03.510 [info] Executing :w
2024-09-05 15:50:04.527 [info] Executing :w
2024-09-05 15:50:05.042 [info] Executing :w
2024-09-05 15:50:13.969 [info] Executing :w
2024-09-05 15:50:14.486 [info] Executing :w
2024-09-05 15:50:14.980 [info] Executing :w
2024-09-05 15:50:15.486 [info] Executing :w
2024-09-05 15:50:15.981 [info] Executing :w
2024-09-05 15:50:17.245 [info] Executing :w
2024-09-05 15:50:17.730 [info] Executing :w
2024-09-05 15:50:23.524 [info] Executing :w
2024-09-05 15:50:48.689 [info] Executing :w
2024-09-05 15:50:49.205 [info] Executing :w
2024-09-05 15:50:49.720 [info] Executing :w
2024-09-05 15:50:50.237 [info] Executing :w
2024-09-05 15:50:56.302 [info] Executing :w
2024-09-05 15:50:56.783 [info] Executing :w
2024-09-05 15:51:05.094 [info] Executing :w
2024-09-05 15:51:15.508 [info] Executing :w
2024-09-05 15:51:16.010 [info] Executing :w
2024-09-05 15:51:32.465 [info] Executing :w
2024-09-05 15:51:33.371 [info] Executing :w
2024-09-05 15:51:57.147 [info] Executing :w
2024-09-05 15:52:04.518 [info] Executing :w
2024-09-05 15:52:05.054 [info] Executing :w
2024-09-05 15:52:24.672 [info] Active editor: file:///home/lucky/Documents/projects/c/lil_engine/src/main.cpp
2024-09-05 15:52:33.204 [info] Executing :w
2024-09-05 15:52:50.729 [info] Executing :w
2024-09-05 15:53:10.980 [info] Executing :w
2024-09-05 15:53:22.635 [info] Active editor: file:///home/lucky/Documents/projects/c/lil_engine/src/main.cpp
2024-09-05 15:53:34.502 [info] Executing :w
2024-09-05 15:53:38.537 [info] Executing :w
2024-09-05 15:53:39.042 [info] Executing :w
2024-09-05 15:54:14.503 [info] Active editor: file:///home/lucky/Documents/projects/c/lil_engine/src/main.cpp
2024-09-05 15:55:46.820 [info] Active editor: file:///home/lucky/Documents/projects/c/lil_engine/src/main.cpp
2024-09-05 15:56:07.138 [info] Active editor: file:///home/lucky/Documents/projects/c/lil_engine/Makefile
2024-09-05 15:56:09.411 [info] /home/lucky/Documents/projects/c/lil_engine/Makefile closed
2024-09-05 15:56:10.465 [info] Active editor: file:///home/lucky/Documents/projects/c/lil_engine/README.md
2024-09-05 15:57:09.095 [info] Active editor: file:///home/lucky/Documents/projects/c/lil_engine/README.md
2024-09-05 15:57:10.515 [info] Active editor: file:///home/lucky/Documents/projects/c/lil_engine/src/main.cpp
2024-09-05 15:57:52.937 [info] Active editor: file:///home/lucky/Documents/projects/c/lil_engine/src/main.cpp
2024-09-05 15:59:30.309 [info] Executing :w
2024-09-05 15:59:39.644 [info] Active editor: file:///home/lucky/Documents/projects/c/lil_engine/src/main.cpp
2024-09-05 15:59:46.745 [info] Executing :w
2024-09-05 15:59:48.059 [info] Executing :w
2024-09-05 16:00:34.812 [info] Active editor: file:///home/lucky/Documents/projects/c/lil_engine/README.md
2024-09-05 16:00:35.210 [info] Active editor: file:///home/lucky/Documents/projects/c/lil_engine/src/main.cpp
2024-09-05 16:00:41.817 [info] Executing :w
2024-09-05 16:00:42.297 [info] Executing :w
2024-09-05 16:00:55.443 [info] Executing :w
2024-09-05 16:00:55.964 [info] Executing :w
2024-09-05 16:00:56.493 [info] Executing :w
2024-09-05 16:01:05.879 [info] Active editor: file:///home/lucky/Documents/projects/c/lil_engine/src/main.cpp
2024-09-05 16:01:11.822 [info] Executing :w
2024-09-05 16:01:23.136 [info] Active editor: file:///home/lucky/Documents/projects/c/lil_engine/src/main.cpp
2024-09-05 16:01:26.533 [info] Executing :w
2024-09-05 16:01:52.245 [info] Active editor: file:///home/lucky/Documents/projects/c/lil_engine/src/main.cpp
2024-09-05 16:05:19.513 [info] Active editor: file:///home/lucky/Documents/projects/c/lil_engine/README.md
2024-09-05 16:05:20.261 [info] Active editor: file:///home/lucky/Documents/projects/c/lil_engine/src/main.cpp
2024-09-05 16:05:33.552 [info] Executing :w
2024-09-05 16:05:36.601 [info] Executing :w
2024-09-05 16:05:37.137 [info] Executing :w
2024-09-05 16:05:37.653 [info] Executing :w
2024-09-05 16:05:38.168 [info] Executing :w
2024-09-05 16:05:38.689 [info] Executing :w
2024-09-05 16:06:27.213 [info] Executing :w
2024-09-05 16:06:27.755 [info] Executing :w
2024-09-05 16:07:32.689 [info] Executing :w
2024-09-05 16:07:33.215 [info] Executing :w
2024-09-05 16:07:33.847 [info] Executing :w
2024-09-05 16:09:56.521 [info] Executing :w
2024-09-05 16:09:57.027 [info] Executing :w
2024-09-05 16:09:57.517 [info] Executing :w
2024-09-05 16:09:58.007 [info] Executing :w
2024-09-05 16:09:58.504 [info] Executing :w
2024-09-05 16:10:06.176 [info] Executing :w
2024-09-05 16:10:06.697 [info] Executing :w
2024-09-05 16:10:07.253 [info] Executing :w
2024-09-05 16:10:07.769 [info] Executing :w
2024-09-05 16:10:08.295 [info] Executing :w
2024-09-05 16:10:08.785 [info] Executing :w
2024-09-05 16:10:09.265 [info] Executing :w
2024-09-05 16:10:46.076 [info] Executing :w\
2024-09-05 16:10:46.917 [info] Executing :w
2024-09-05 16:10:47.684 [info] Active editor: file:///home/lucky/Documents/projects/c/lil_engine/README.md
2024-09-05 16:10:51.500 [info] /home/lucky/Documents/projects/c/lil_engine/README.md closed
2024-09-05 16:10:51.503 [info] Active editor: file:///home/lucky/Documents/projects/c/lil_engine/src/main.cpp
2024-09-05 16:11:20.593 [info] Active editor: file:///home/lucky/Documents/projects/c/lil_engine/src/main.cpp
2024-09-05 16:11:30.393 [info] Executing :w
2024-09-05 16:11:33.259 [info] Active editor: file:///home/lucky/Documents/projects/c/lil_engine/src/main.cpp
2024-09-05 16:11:40.681 [info] Executing :w
2024-09-05 16:11:44.264 [info] Executing :w
2024-09-05 16:11:45.129 [info] Executing :w
2024-09-05 16:12:07.346 [info] Active editor: file:///home/lucky/Documents/projects/c/lil_engine/src/main.cpp
2024-09-05 16:12:12.944 [info] Executing :w
2024-09-05 16:12:28.062 [info] Active editor: file:///home/lucky/Documents/projects/c/lil_engine/src/main.cpp
2024-09-05 16:13:23.511 [info] Active editor: file:///home/lucky/Documents/projects/c/lil_engine/src/main.cpp
2024-09-05 16:13:38.838 [info] Active editor: file:///home/lucky/Documents/projects/c/lil_engine/src/main.cpp
2024-09-05 16:13:54.433 [info] Executing :w
2024-09-05 16:13:54.969 [info] Executing :w
2024-09-05 16:13:55.526 [info] Executing :w
2024-09-05 16:13:56.103 [info] Executing :w
2024-09-05 16:14:15.956 [info] Active editor: file:///home/lucky/Documents/projects/c/lil_engine/src/main.cpp
2024-09-05 16:14:27.014 [info] Executing :w
2024-09-05 16:14:40.617 [info] Active editor: file:///home/lucky/Documents/projects/c/lil_engine/src/main.cpp
2024-09-05 16:15:28.189 [info] Active editor: file:///home/lucky/Documents/projects/c/lil_engine/src/main.cpp
2024-09-05 16:15:44.796 [info] Executing :w
2024-09-05 16:15:45.294 [info] Executing :w
2024-09-05 16:15:45.817 [info] Executing :w
2024-09-05 16:15:46.334 [info] Executing :w
2024-09-05 16:15:46.829 [info] Executing :w
2024-09-05 16:15:58.220 [info] Active editor: file:///home/lucky/Documents/projects/c/lil_engine/src/main.cpp
2024-09-05 16:16:11.269 [info] Executing :w
2024-09-05 16:16:11.800 [info] Executing :w
2024-09-05 16:16:12.975 [info] Active editor: file:///home/lucky/Documents/projects/c/lil_engine/src/main.cpp
2024-09-05 16:16:30.027 [info] Active editor: file:///home/lucky/Documents/projects/c/lil_engine/src/main.cpp
2024-09-05 16:16:38.120 [info] Executing :w
2024-09-05 16:16:50.036 [info] Active editor: file:///home/lucky/Documents/projects/c/lil_engine/src/main.cpp
2024-09-05 16:19:04.810 [info] Executing :w
2024-09-05 16:19:25.468 [info] Active editor: file:///home/lucky/Documents/projects/c/lil_engine/src/main.cpp
2024-09-05 16:20:12.027 [info] Executing :w
2024-09-05 16:20:50.385 [info] Executing :w
2024-09-05 16:20:52.018 [info] Executing :w
2024-09-05 16:21:09.452 [info] Active editor: file:///home/lucky/Documents/projects/c/lil_engine/src/main.cpp
2024-09-05 16:21:15.728 [info] Executing :w
2024-09-05 16:21:16.268 [info] Executing :w
2024-09-05 16:21:18.998 [info] Active editor: file:///home/lucky/Documents/projects/c/lil_engine/src/main.cpp
2024-09-05 16:21:38.417 [info] Active editor: file:///home/lucky/Documents/projects/c/lil_engine/src/main.cpp
2024-09-05 16:21:54.775 [info] Executing :w
2024-09-05 16:22:03.001 [info] Active editor: file:///home/lucky/Documents/projects/c/lil_engine/src/main.cpp
2024-09-05 16:22:13.390 [info] Executing :w
2024-09-05 16:22:31.847 [info] Active editor: file:///home/lucky/Documents/projects/c/lil_engine/src/main.cpp
2024-09-05 16:22:39.547 [info] Executing :w
2024-09-05 16:22:48.090 [info] Active editor: file:///home/lucky/Documents/projects/c/lil_engine/src/main.cpp
2024-09-05 16:22:57.872 [info] Executing :w
2024-09-05 16:23:05.998 [info] Active editor: file:///home/lucky/Documents/projects/c/lil_engine/src/main.cpp
2024-09-05 16:23:09.886 [info] Executing :w
2024-09-05 16:23:10.380 [info] Executing :w
2024-09-05 16:23:10.891 [info] Executing :w
2024-09-05 16:23:11.424 [info] Executing :w
2024-09-05 16:23:11.953 [info] Executing :w
2024-09-05 16:23:12.505 [info] Executing :w
2024-09-05 16:23:12.980 [info] Executing :w
2024-09-05 16:23:26.046 [info] Executing :w
2024-09-05 16:23:33.418 [info] Active editor: file:///home/lucky/Documents/projects/c/lil_engine/src/main.cpp
2024-09-05 16:23:41.389 [info] Executing :w
2024-09-05 16:23:49.079 [info] Active editor: file:///home/lucky/Documents/projects/c/lil_engine/src/main.cpp
2024-09-05 16:23:54.603 [info] Executing :w
2024-09-05 16:23:55.120 [info] Executing :w
2024-09-05 16:23:55.984 [info] Executing :w
2024-09-05 16:24:07.290 [info] Active editor: file:///home/lucky/Documents/projects/c/lil_engine/src/main.cpp
2024-09-05 16:24:19.419 [info] Executing :w
2024-09-05 16:24:20.724 [info] Executing :w
2024-09-05 16:24:21.235 [info] Executing :w
2024-09-05 16:24:21.725 [info] Executing :w
2024-09-05 16:24:22.266 [info] Executing :w
2024-09-05 16:24:28.955 [info] Executing :w
2024-09-05 16:24:52.895 [info] Executing :w
2024-09-05 16:25:00.419 [info] Executing :w
2024-09-05 16:25:01.503 [info] Executing :w
2024-09-05 16:25:02.001 [info] Executing :w
2024-09-05 16:25:05.084 [info] Executing :w
2024-09-05 16:25:44.681 [info] Active editor: file:///home/lucky/Documents/projects/c/lil_engine/src/main.cpp
2024-09-05 16:26:38.239 [info] Executing :w
2024-09-05 16:26:38.758 [info] Executing :w
2024-09-05 16:26:45.112 [info] Executing :w
2024-09-05 16:26:45.640 [info] Executing :w
2024-09-05 16:26:46.121 [info] Executing :w
2024-09-05 16:26:53.186 [info] Executing :w
2024-09-05 16:26:53.752 [info] Executing :w
2024-09-05 16:26:54.273 [info] Executing :w
2024-09-05 16:26:56.583 [info] Executing :w
2024-09-05 16:26:57.089 [info] Executing :w
2024-09-05 16:26:57.569 [info] Executing :w
2024-09-05 16:27:02.801 [info] Executing :w
2024-09-05 16:27:12.834 [info] Active editor: file:///home/lucky/Documents/projects/c/lil_engine/src/main.cpp
2024-09-05 16:27:27.526 [info] Active editor: file:///home/lucky/Documents/projects/c/lil_engine/src/main.cpp
2024-09-05 16:27:34.552 [info] Active editor: file:///home/lucky/Documents/projects/c/lil_engine/src/main.cpp
2024-09-05 16:27:55.695 [info] Executing :w
2024-09-05 16:28:12.751 [info] Active editor: file:///home/lucky/Documents/projects/c/lil_engine/src/main.cpp
2024-09-05 16:28:24.707 [info] Active editor: file:///home/lucky/Documents/projects/c/lil_engine/src/main.cpp
2024-09-05 16:28:37.690 [info] Executing :w
2024-09-05 16:28:43.926 [info] Active editor: file:///home/lucky/Documents/projects/c/lil_engine/src/main.cpp
2024-09-05 16:28:48.004 [info] Executing :w
2024-09-05 16:28:53.671 [info] Active editor: file:///home/lucky/Documents/projects/c/lil_engine/src/main.cpp
2024-09-05 16:28:57.704 [info] Executing :w
2024-09-05 16:29:07.250 [info] Active editor: file:///home/lucky/Documents/projects/c/lil_engine/src/main.cpp
2024-09-05 16:29:13.877 [info] Executing :w
2024-09-05 16:29:14.432 [info] Executing :w
2024-09-05 16:29:14.977 [info] Executing :w
2024-09-05 16:29:15.528 [info] Executing :w
2024-09-05 16:29:16.035 [info] Executing :w
2024-09-05 16:29:36.475 [info] Active editor: file:///home/lucky/Documents/projects/c/lil_engine/src/main.cpp
2024-09-05 16:29:44.207 [info] Executing :w
2024-09-05 16:29:44.722 [info] Executing :w
2024-09-05 16:29:45.227 [info] Executing :w
2024-09-05 16:29:45.707 [info] Executing :w
2024-09-05 16:29:48.603 [info] Executing :w
2024-09-05 16:29:49.144 [info] Executing :w
2024-09-05 16:29:49.680 [info] Executing :w
2024-09-05 16:29:50.253 [info] Executing :w
2024-09-05 16:29:50.782 [info] Executing :w
2024-09-05 16:29:51.277 [info] Executing :w
2024-09-05 16:30:28.159 [info] Active editor: file:///home/lucky/Documents/projects/c/lil_engine/src/main.cpp
2024-09-05 16:30:37.160 [info] Executing :w
2024-09-05 16:30:37.721 [info] Executing :w
2024-09-05 16:30:38.334 [info] Executing :w
2024-09-05 16:30:38.950 [info] Executing :w
2024-09-05 16:30:40.149 [info] Executing :w
2024-09-05 16:30:40.689 [info] Executing :w
2024-09-05 16:30:41.236 [info] Executing :w
2024-09-05 16:31:03.793 [info] Active editor: file:///home/lucky/Documents/projects/c/lil_engine/src/main.cpp
2024-09-05 16:31:46.862 [info] Executing :w
2024-09-05 16:31:48.557 [info] Executing :w
2024-09-05 16:31:49.056 [info] Executing :w
2024-09-05 16:31:49.581 [info] Executing :w
2024-09-05 16:31:50.083 [info] Executing :w
2024-09-05 16:31:50.593 [info] Executing :w
2024-09-05 16:31:51.165 [info] Executing :w
2024-09-05 16:31:51.685 [info] Executing :w
2024-09-05 16:31:52.236 [info] Executing :w
2024-09-05 16:31:52.726 [info] Executing :w
2024-09-05 16:31:53.227 [info] Executing :w
2024-09-05 16:31:57.458 [info] Executing :w
2024-09-05 16:31:58.064 [info] Executing :w
2024-09-05 16:31:58.695 [info] Executing :w
2024-09-05 16:31:59.281 [info] Executing :w
2024-09-05 16:31:59.902 [info] Executing :w
2024-09-05 16:32:00.393 [info] Executing :w
2024-09-05 16:32:06.905 [info] Executing :w
2024-09-05 16:32:07.474 [info] Executing :w
2024-09-05 16:32:08.025 [info] Executing :w
2024-09-05 16:32:08.637 [info] Executing :w
2024-09-05 16:32:09.198 [info] Executing :w
2024-09-05 16:32:09.714 [info] Executing :w
2024-09-05 16:32:10.237 [info] Executing :w
2024-09-05 16:32:20.728 [info] Executing :w
2024-09-05 16:32:21.244 [info] Executing :w
2024-09-05 16:32:21.825 [info] Executing :w
2024-09-05 16:32:22.311 [info] Executing :w
2024-09-05 16:32:30.607 [info] Executing :w
2024-09-05 16:32:31.131 [info] Executing :w
2024-09-05 16:32:31.642 [info] Executing :w
2024-09-05 16:32:32.132 [info] Executing :w
2024-09-05 16:32:44.284 [info] Executing :w
2024-09-05 16:32:44.865 [info] Executing :w
2024-09-05 16:32:45.447 [info] Executing :w
2024-09-05 16:32:45.977 [info] Executing :w
2024-09-05 16:32:46.503 [info] Executing :w
2024-09-05 16:32:46.979 [info] Executing :w
2024-09-05 16:32:47.444 [info] Executing :w
2024-09-05 16:32:47.964 [info] Executing :w
2024-09-05 16:32:48.449 [info] Executing :w
2024-09-05 16:32:49.101 [info] Executing :w
2024-09-05 16:32:49.632 [info] Executing :w
2024-09-05 16:32:50.128 [info] Executing :w
2024-09-05 16:33:06.799 [info] Executing :w
2024-09-05 16:33:07.398 [info] Executing :w
2024-09-05 16:33:07.928 [info] Executing :w
2024-09-05 16:33:08.458 [info] Executing :w
2024-09-05 16:33:08.958 [info] Executing :w
2024-09-05 16:33:09.484 [info] Executing :w
2024-09-05 16:33:09.980 [info] Executing :w
2024-09-05 16:33:45.357 [info] Active editor: file:///home/lucky/Documents/projects/c/lil_engine/src/main.cpp
2024-09-05 16:33:49.884 [info] Executing :w
2024-09-05 16:34:14.856 [info] Active editor: file:///home/lucky/Documents/projects/c/lil_engine/src/main.cpp
2024-09-05 16:34:35.003 [info] Active editor: file:///home/lucky/Documents/projects/c/lil_engine/src/main.cpp
2024-09-05 16:35:16.739 [info] Executing :w
2024-09-05 16:35:17.294 [info] Executing :w
2024-09-05 16:35:17.821 [info] Executing :w
2024-09-05 16:35:31.328 [info] Active editor: file:///home/lucky/Documents/projects/c/lil_engine/src/main.cpp
2024-09-05 16:36:27.888 [info] Active editor: file:///home/lucky/Documents/projects/c/lil_engine/src/main.cpp
2024-09-05 16:36:45.340 [info] Executing :w
2024-09-05 16:40:17.997 [info] Active editor: file:///home/lucky/Documents/projects/c/lil_engine/src/main.cpp
2024-09-05 16:40:51.624 [info] Executing :w
2024-09-05 16:40:52.205 [info] Executing :w
2024-09-05 16:41:09.399 [info] Executing :w
2024-09-05 16:41:26.147 [info] Executing :w
2024-09-05 16:41:33.956 [info] Executing :w
2024-09-05 16:41:34.471 [info] Executing :w
2024-09-05 16:41:52.765 [info] Executing :w
2024-09-05 16:42:53.604 [info] Executing :w
2024-09-05 16:42:54.165 [info] Executing :w
2024-09-05 16:43:00.797 [info] Executing :w
2024-09-05 16:43:11.479 [info] Executing :w
2024-09-05 16:43:12.018 [info] Executing :w
2024-09-05 16:43:12.565 [info] Executing :w
2024-09-05 16:43:14.647 [info] Executing :w
2024-09-05 16:43:15.225 [info] Executing :w
2024-09-05 16:43:23.354 [info] Executing :w
2024-09-05 16:43:45.794 [warning] invalid cursor position. [[43, 75] | [29, 8]].
2024-09-05 16:43:51.867 [info] Executing :w
2024-09-05 16:44:00.112 [info] Executing :w
2024-09-05 16:44:48.512 [info] Executing :w
2024-09-05 16:44:49.627 [info] Executing :w
2024-09-05 16:44:50.171 [info] Executing :w
2024-09-05 16:44:50.762 [info] Executing :w
2024-09-05 16:45:09.028 [info] Executing :w
2024-09-05 16:48:33.959 [info] Active editor: file:///home/lucky/Documents/projects/c/lil_engine/src/main.cpp
2024-09-05 16:53:12.784 [info] Active editor: file:///home/lucky/Documents/projects/c/lil_engine/src/main.cpp
2024-09-05 17:04:01.502 [info] Active editor: file:///home/lucky/Documents/projects/c/lil_engine/src/srpites.cpp
2024-09-05 17:04:11.218 [info] /home/lucky/Documents/projects/c/lil_engine/src/srpites.cpp closed
2024-09-05 17:04:11.251 [info] Active editor: file:///home/lucky/Documents/projects/c/lil_engine/src/sprite_flipper.cpp
2024-09-05 17:04:15.134 [info] Active editor: file:///home/lucky/Documents/projects/c/lil_engine/src/main.cpp
2024-09-05 17:04:17.113 [info] Active editor: file:///home/lucky/Documents/projects/c/lil_engine/src/sprite_flipper.cpp
2024-09-05 17:04:29.616 [info] /home/lucky/Documents/projects/c/lil_engine/src/sprite_flipper.cpp closed
2024-09-05 17:04:29.618 [info] Active editor: file:///home/lucky/Documents/projects/c/lil_engine/src/main.cpp
2024-09-05 17:57:03.447 [info] Active editor: file:///home/lucky/Documents/projects/c/lil_engine/src/main.cpp
