2024-11-03 22:41:55.515 [info] Deleted uninstalled extension from disk vscodevim.vim /home/lucky/.vscode-oss/extensions/vscodevim.vim-1.28.1-universal
2024-11-03 22:41:59.466 [info] Getting Manifest... ms-python.python
2024-11-03 22:42:00.560 [info] Installing extension: ms-python.python {"productVersion":{"version":"1.94.2","date":"2024-10-12T20:14:54.465Z"},"pinned":false,"operation":3,"isApplicationScoped":false,"profileLocation":{"$mid":1,"external":"vscode-userdata:/home/lucky/.vscode-oss/extensions/extensions.json","path":"/home/lucky/.vscode-oss/extensions/extensions.json","scheme":"vscode-userdata"},"installOnlyNewlyAddedFromExtensionPack":true}
2024-11-03 22:42:05.035 [info] Extracted extension to file:///home/lucky/.vscode-oss/extensions/ms-python.python-2024.18.0-universal: ms-python.python
2024-11-03 22:42:05.041 [info] Renamed to /home/lucky/.vscode-oss/extensions/ms-python.python-2024.18.0-universal
2024-11-03 22:42:05.051 [info] Marked extension as uninstalled ms-python.python-2024.16.1-universal
2024-11-03 22:42:05.054 [info] Extension installed successfully: ms-python.python vscode-userdata:/home/lucky/.vscode-oss/extensions/extensions.json
2024-11-03 22:42:05.124 [error] [uncaught exception in sharedProcess]: Error: ENOENT: no such file or directory, stat '/home/lucky/.vscode-oss/extensions/extensions.json.vsctmp': EntryNotFound (FileSystemError): Error: ENOENT: no such file or directory, stat '/home/lucky/.vscode-oss/extensions/extensions.json.vsctmp'
    at lm.create (file:///usr/share/codium/resources/app/out/vs/code/electron-utility/sharedProcess/sharedProcessMain.js:35:44057)
    at Ei (file:///usr/share/codium/resources/app/out/vs/code/electron-utility/sharedProcess/sharedProcessMain.js:35:44164)
    at Fn.toFileSystemProviderError (file:///usr/share/codium/resources/app/out/vs/code/electron-utility/sharedProcess/sharedProcessMain.js:71:28526)
    at Fn.stat (file:///usr/share/codium/resources/app/out/vs/code/electron-utility/sharedProcess/sharedProcessMain.js:71:20493)
    at async eu.stat (file:///usr/share/codium/resources/app/out/vs/code/electron-utility/sharedProcess/sharedProcessMain.js:70:101677)
    at async Jl.onDidFilesChange (file:///usr/share/codium/resources/app/out/vs/code/electron-utility/sharedProcess/sharedProcessMain.js:70:79899)
2024-11-03 22:42:18.664 [info] Getting Manifest... ms-toolsai.jupyter
2024-11-03 22:42:18.932 [info] Installing extension: ms-toolsai.jupyter {"isMachineScoped":false,"installPreReleaseVersion":false,"pinned":false,"profileLocation":{"$mid":1,"external":"vscode-userdata:/home/lucky/.vscode-oss/extensions/extensions.json","path":"/home/lucky/.vscode-oss/extensions/extensions.json","scheme":"vscode-userdata"},"installOnlyNewlyAddedFromExtensionPack":true,"isApplicationScoped":false,"productVersion":{"version":"1.94.2","date":"2024-10-12T20:14:54.465Z"}}
2024-11-03 22:42:19.265 [info] Getting Manifest... ms-toolsai.jupyter-renderers
2024-11-03 22:42:19.472 [info] Getting Manifest... ms-toolsai.jupyter-keymap
2024-11-03 22:42:19.708 [info] Getting Manifest... ms-toolsai.vscode-jupyter-cell-tags
2024-11-03 22:42:19.912 [info] Getting Manifest... ms-toolsai.vscode-jupyter-slideshow
2024-11-03 22:42:20.151 [info] Installing extension: ms-toolsai.jupyter-renderers {"isMachineScoped":false,"installPreReleaseVersion":false,"pinned":false,"profileLocation":{"$mid":1,"external":"vscode-userdata:/home/lucky/.vscode-oss/extensions/extensions.json","path":"/home/lucky/.vscode-oss/extensions/extensions.json","scheme":"vscode-userdata"},"installOnlyNewlyAddedFromExtensionPack":true,"isApplicationScoped":false,"productVersion":{"version":"1.94.2","date":"2024-10-12T20:14:54.465Z"},"context":{"dependecyOrPackExtensionInstall":true}}
2024-11-03 22:42:20.151 [info] Installing extension: ms-toolsai.jupyter-keymap {"isMachineScoped":false,"installPreReleaseVersion":false,"pinned":false,"profileLocation":{"$mid":1,"external":"vscode-userdata:/home/lucky/.vscode-oss/extensions/extensions.json","path":"/home/lucky/.vscode-oss/extensions/extensions.json","scheme":"vscode-userdata"},"installOnlyNewlyAddedFromExtensionPack":true,"isApplicationScoped":false,"productVersion":{"version":"1.94.2","date":"2024-10-12T20:14:54.465Z"},"context":{"dependecyOrPackExtensionInstall":true}}
2024-11-03 22:42:20.151 [info] Installing extension: ms-toolsai.vscode-jupyter-cell-tags {"isMachineScoped":false,"installPreReleaseVersion":false,"pinned":false,"profileLocation":{"$mid":1,"external":"vscode-userdata:/home/lucky/.vscode-oss/extensions/extensions.json","path":"/home/lucky/.vscode-oss/extensions/extensions.json","scheme":"vscode-userdata"},"installOnlyNewlyAddedFromExtensionPack":true,"isApplicationScoped":false,"productVersion":{"version":"1.94.2","date":"2024-10-12T20:14:54.465Z"},"context":{"dependecyOrPackExtensionInstall":true}}
2024-11-03 22:42:20.151 [info] Installing extension: ms-toolsai.vscode-jupyter-slideshow {"isMachineScoped":false,"installPreReleaseVersion":false,"pinned":false,"profileLocation":{"$mid":1,"external":"vscode-userdata:/home/lucky/.vscode-oss/extensions/extensions.json","path":"/home/lucky/.vscode-oss/extensions/extensions.json","scheme":"vscode-userdata"},"installOnlyNewlyAddedFromExtensionPack":true,"isApplicationScoped":false,"productVersion":{"version":"1.94.2","date":"2024-10-12T20:14:54.465Z"},"context":{"dependecyOrPackExtensionInstall":true}}
2024-11-03 22:42:22.091 [info] Extracted extension to file:///home/lucky/.vscode-oss/extensions/ms-toolsai.jupyter-keymap-1.1.2-universal: ms-toolsai.jupyter-keymap
2024-11-03 22:42:22.093 [info] Renamed to /home/lucky/.vscode-oss/extensions/ms-toolsai.jupyter-keymap-1.1.2-universal
2024-11-03 22:42:22.172 [error] [uncaught exception in sharedProcess]: Error: ENOENT: no such file or directory, stat '/home/lucky/.vscode-oss/extensions/extensions.json.vsctmp': EntryNotFound (FileSystemError): Error: ENOENT: no such file or directory, stat '/home/lucky/.vscode-oss/extensions/extensions.json.vsctmp'
    at lm.create (file:///usr/share/codium/resources/app/out/vs/code/electron-utility/sharedProcess/sharedProcessMain.js:35:44057)
    at Ei (file:///usr/share/codium/resources/app/out/vs/code/electron-utility/sharedProcess/sharedProcessMain.js:35:44164)
    at Fn.toFileSystemProviderError (file:///usr/share/codium/resources/app/out/vs/code/electron-utility/sharedProcess/sharedProcessMain.js:71:28526)
    at Fn.stat (file:///usr/share/codium/resources/app/out/vs/code/electron-utility/sharedProcess/sharedProcessMain.js:71:20493)
    at async eu.stat (file:///usr/share/codium/resources/app/out/vs/code/electron-utility/sharedProcess/sharedProcessMain.js:70:101677)
    at async Jl.onDidFilesChange (file:///usr/share/codium/resources/app/out/vs/code/electron-utility/sharedProcess/sharedProcessMain.js:70:79899)
2024-11-03 22:42:23.461 [info] Extracted extension to file:///home/lucky/.vscode-oss/extensions/ms-toolsai.vscode-jupyter-slideshow-0.1.6-universal: ms-toolsai.vscode-jupyter-slideshow
2024-11-03 22:42:23.464 [info] Renamed to /home/lucky/.vscode-oss/extensions/ms-toolsai.vscode-jupyter-slideshow-0.1.6-universal
2024-11-03 22:42:23.465 [info] Extracted extension to file:///home/lucky/.vscode-oss/extensions/ms-toolsai.vscode-jupyter-cell-tags-0.1.9-universal: ms-toolsai.vscode-jupyter-cell-tags
2024-11-03 22:42:23.518 [info] Renamed to /home/lucky/.vscode-oss/extensions/ms-toolsai.vscode-jupyter-cell-tags-0.1.9-universal
2024-11-03 22:42:23.593 [error] [uncaught exception in sharedProcess]: Error: ENOENT: no such file or directory, stat '/home/lucky/.vscode-oss/extensions/extensions.json.vsctmp': EntryNotFound (FileSystemError): Error: ENOENT: no such file or directory, stat '/home/lucky/.vscode-oss/extensions/extensions.json.vsctmp'
    at lm.create (file:///usr/share/codium/resources/app/out/vs/code/electron-utility/sharedProcess/sharedProcessMain.js:35:44057)
    at Ei (file:///usr/share/codium/resources/app/out/vs/code/electron-utility/sharedProcess/sharedProcessMain.js:35:44164)
    at Fn.toFileSystemProviderError (file:///usr/share/codium/resources/app/out/vs/code/electron-utility/sharedProcess/sharedProcessMain.js:71:28526)
    at Fn.stat (file:///usr/share/codium/resources/app/out/vs/code/electron-utility/sharedProcess/sharedProcessMain.js:71:20493)
    at async eu.stat (file:///usr/share/codium/resources/app/out/vs/code/electron-utility/sharedProcess/sharedProcessMain.js:70:101677)
    at async Jl.onDidFilesChange (file:///usr/share/codium/resources/app/out/vs/code/electron-utility/sharedProcess/sharedProcessMain.js:70:79899)
2024-11-03 22:42:23.870 [info] Extracted extension to file:///home/lucky/.vscode-oss/extensions/ms-toolsai.jupyter-renderers-1.0.19-universal: ms-toolsai.jupyter-renderers
2024-11-03 22:42:23.873 [info] Renamed to /home/lucky/.vscode-oss/extensions/ms-toolsai.jupyter-renderers-1.0.19-universal
2024-11-03 22:42:23.886 [error] [uncaught exception in sharedProcess]: Error: ENOENT: no such file or directory, stat '/home/lucky/.vscode-oss/extensions/extensions.json.vsctmp': EntryNotFound (FileSystemError): Error: ENOENT: no such file or directory, stat '/home/lucky/.vscode-oss/extensions/extensions.json.vsctmp'
    at lm.create (file:///usr/share/codium/resources/app/out/vs/code/electron-utility/sharedProcess/sharedProcessMain.js:35:44057)
    at Ei (file:///usr/share/codium/resources/app/out/vs/code/electron-utility/sharedProcess/sharedProcessMain.js:35:44164)
    at Fn.toFileSystemProviderError (file:///usr/share/codium/resources/app/out/vs/code/electron-utility/sharedProcess/sharedProcessMain.js:71:28526)
    at Fn.stat (file:///usr/share/codium/resources/app/out/vs/code/electron-utility/sharedProcess/sharedProcessMain.js:71:20493)
    at async eu.stat (file:///usr/share/codium/resources/app/out/vs/code/electron-utility/sharedProcess/sharedProcessMain.js:70:101677)
    at async Jl.onDidFilesChange (file:///usr/share/codium/resources/app/out/vs/code/electron-utility/sharedProcess/sharedProcessMain.js:70:79899)
2024-11-03 22:42:28.918 [info] Extracted extension to file:///home/lucky/.vscode-oss/extensions/ms-toolsai.jupyter-2024.9.1-universal: ms-toolsai.jupyter
2024-11-03 22:42:28.923 [info] Renamed to /home/lucky/.vscode-oss/extensions/ms-toolsai.jupyter-2024.9.1-universal
2024-11-03 22:42:28.936 [info] Extension installed successfully: ms-toolsai.jupyter-keymap vscode-userdata:/home/lucky/.vscode-oss/extensions/extensions.json
2024-11-03 22:42:28.936 [info] Extension installed successfully: ms-toolsai.vscode-jupyter-slideshow vscode-userdata:/home/lucky/.vscode-oss/extensions/extensions.json
2024-11-03 22:42:28.936 [info] Extension installed successfully: ms-toolsai.vscode-jupyter-cell-tags vscode-userdata:/home/lucky/.vscode-oss/extensions/extensions.json
2024-11-03 22:42:28.936 [info] Extension installed successfully: ms-toolsai.jupyter-renderers vscode-userdata:/home/lucky/.vscode-oss/extensions/extensions.json
2024-11-03 22:42:28.936 [info] Extension installed successfully: ms-toolsai.jupyter vscode-userdata:/home/lucky/.vscode-oss/extensions/extensions.json
2024-11-03 22:42:29.005 [error] [uncaught exception in sharedProcess]: Error: ENOENT: no such file or directory, stat '/home/lucky/.vscode-oss/extensions/extensions.json.vsctmp': EntryNotFound (FileSystemError): Error: ENOENT: no such file or directory, stat '/home/lucky/.vscode-oss/extensions/extensions.json.vsctmp'
    at lm.create (file:///usr/share/codium/resources/app/out/vs/code/electron-utility/sharedProcess/sharedProcessMain.js:35:44057)
    at Ei (file:///usr/share/codium/resources/app/out/vs/code/electron-utility/sharedProcess/sharedProcessMain.js:35:44164)
    at Fn.toFileSystemProviderError (file:///usr/share/codium/resources/app/out/vs/code/electron-utility/sharedProcess/sharedProcessMain.js:71:28526)
    at Fn.stat (file:///usr/share/codium/resources/app/out/vs/code/electron-utility/sharedProcess/sharedProcessMain.js:71:20493)
    at async eu.stat (file:///usr/share/codium/resources/app/out/vs/code/electron-utility/sharedProcess/sharedProcessMain.js:70:101677)
    at async Jl.onDidFilesChange (file:///usr/share/codium/resources/app/out/vs/code/electron-utility/sharedProcess/sharedProcessMain.js:70:79899)
