2024-11-11T13:30:32.634Z 0: 

----------------------------------------------
2024-11-11T13:30:32.687Z 1: Discord starting: {"releaseChannel":"stable","version":"0.0.73"}, modulepath: /home/lucky/.config/discord/0.0.73/modules
2024-11-11T13:30:32.690Z 2: ✅ webContents.created web1 "index.html"
2024-11-11T13:30:32.693Z 3: ✅ window.created win1 "discord"
2024-11-11T13:30:32.787Z 4: ✅ webContents.did-finish-load web1
2024-11-11T13:31:25.475Z 5: ✅ webContents.created web2 ""
2024-11-11T13:31:25.480Z 6: ✅ window.created win2 "Discord"
2024-11-11T13:31:34.263Z 7: ✅ webContents.did-finish-load web2
2024-11-11T13:31:34.364Z 8: window.close win1
2024-11-11T13:31:34.448Z 9: webContents.destroyed web1
2024-11-11T13:31:34.450Z 10: window.closed win1
2024-11-12T08:37:18.922Z 0: 

----------------------------------------------
2024-11-12T08:37:18.934Z 1: Discord starting: {"releaseChannel":"stable","version":"0.0.73"}, modulepath: /home/lucky/.config/discord/0.0.73/modules
2024-11-12T08:37:18.936Z 2: ✅ webContents.created web1 ""
2024-11-12T08:37:18.938Z 3: ✅ window.created win1 "discord"
2024-11-12T08:37:19.107Z 4: ✅ webContents.did-finish-load web1
2024-11-12T08:37:20.020Z 5: ✅ webContents.created web2 ""
2024-11-12T08:37:20.028Z 6: ✅ window.created win2 "Discord"
2024-11-12T08:37:24.102Z 7: ✅ webContents.did-finish-load web2
2024-11-12T08:37:24.203Z 8: window.close win1
2024-11-12T08:37:24.231Z 9: webContents.destroyed web1
2024-11-12T08:37:24.232Z 10: window.closed win1
2024-11-12T08:37:35.085Z 11: window.close win2
2024-11-12T08:37:39.789Z 0: 

----------------------------------------------
2024-11-12T08:37:39.794Z 1: Discord starting: {"releaseChannel":"stable","version":"0.0.73"}, modulepath: /home/lucky/.config/discord/0.0.73/modules
2024-11-12T08:42:51.361Z 12: before-quit
2024-11-12T08:42:51.364Z 13: window.close win2
2024-11-12T08:42:51.379Z 14: ❌ child-process-gone {
  type: 'Utility',
  reason: 'killed',
  exitCode: 15,
  serviceName: 'audio.mojom.AudioService',
  name: 'Audio Service'
}
2024-11-12T08:42:51.385Z 15: ❌ child-process-gone {
  type: 'Utility',
  reason: 'killed',
  exitCode: 15,
  serviceName: 'network.mojom.NetworkService',
  name: 'Network Service'
}
2024-11-12T08:42:51.388Z 16: ❌ render-process-gone { reason: 'killed', exitCode: 15 }
