2024-10-17 14:50:12.157 [info] Telemetry level is off
2024-10-17 14:50:12.157 [info] Experiments are disabled, only manually opted experiments are active.
2024-10-17 14:50:12.157 [warning] Dir "/home/lucky/Documents/classes/advanced_dbs/assignment1/.pixi/envs" is not watchable (directory does not exist)
2024-10-17 14:50:12.157 [info] Default formatter is set to null for workspace /home/lucky/Documents/classes/advanced_dbs/assignment1
2024-10-17 14:50:12.157 [info] Starting Environment refresh
2024-10-17 14:50:12.158 [info] Searching for interpreters in posix paths locator
2024-10-17 14:50:12.158 [info] Searching for pyenv environments
2024-10-17 14:50:12.158 [info] Searching for conda environments
2024-10-17 14:50:12.158 [info] Searching for global virtual environments
2024-10-17 14:50:12.158 [info] Searching for custom virtual environments
2024-10-17 14:50:12.158 [info] pyenv is not installed
2024-10-17 14:50:12.158 [info] Finished searching for pyenv environments: 8 milliseconds
2024-10-17 14:50:12.158 [info] Finished searching for custom virtual envs: 7 milliseconds
2024-10-17 14:50:12.158 [info] > conda info --json
2024-10-17 14:50:12.158 [info] > pixi --version
2024-10-17 14:50:12.158 [info] > hatch env show --json
2024-10-17 14:50:12.158 [info] cwd: .
2024-10-17 14:50:12.158 [info] > pyenv which python
2024-10-17 14:50:12.158 [info] cwd: .
2024-10-17 14:50:12.158 [info] Finished searching for global virtual envs: 25 milliseconds
2024-10-17 14:50:12.158 [info] Found: /bin/python3 --> /bin/python3.11
2024-10-17 14:50:12.158 [info] Found: /bin/python3.11 --> /bin/python3.11
2024-10-17 14:50:12.168 [info] Found: /usr/bin/python3 --> /usr/bin/python3.11
2024-10-17 14:50:12.168 [info] Found: /usr/bin/python3.11 --> /usr/bin/python3.11
2024-10-17 14:50:12.237 [info] Finished searching for interpreters in posix paths locator: 107 milliseconds
2024-10-17 14:50:12.237 [info] > /bin/python3 -I ~/.vscode-oss/extensions/ms-python.python-2024.16.1-universal/python_files/get_output_via_markers.py ~/.vscode-oss/extensions/ms-python.python-2024.16.1-universal/python_files/interpreterInfo.py
2024-10-17 14:50:12.247 [info] > /usr/bin/python3 -I ~/.vscode-oss/extensions/ms-python.python-2024.16.1-universal/python_files/get_output_via_markers.py ~/.vscode-oss/extensions/ms-python.python-2024.16.1-universal/python_files/interpreterInfo.py
2024-10-17 14:50:12.723 [info] Finished searching for conda environments: 595 milliseconds
2024-10-17 14:50:12.728 [info] > ~/.local/miniconda3/bin/python -I ~/.vscode-oss/extensions/ms-python.python-2024.16.1-universal/python_files/get_output_via_markers.py ~/.vscode-oss/extensions/ms-python.python-2024.16.1-universal/python_files/interpreterInfo.py
2024-10-17 14:50:12.728 [info] Environments refresh paths discovered (event): 602 milliseconds
2024-10-17 14:50:12.728 [info] Environments refresh paths discovered: 602 milliseconds
2024-10-17 14:50:12.749 [info] Environments refresh finished (event): 623 milliseconds
2024-10-17 14:50:12.753 [info] Environment refresh took 628 milliseconds
2024-10-17 14:50:12.758 [info] Python interpreter path: /bin/python3
2024-10-17 14:50:13.291 [info] Starting Jedi language server for assignment1.
