[2024-11-11 14:31:25.814] [error] Unrecognized Content-Security-Policy directive 'prefetch-src'.
[2024-11-11 14:31:26.559] [info]  [FAST CONNECT] wss://gateway.discord.gg/?encoding=etf&v=9&compress=zstd-stream, encoding: etf, version: 9
[2024-11-11 14:31:26.586] [error] Unrecognized Content-Security-Policy directive 'prefetch-src'.
[2024-11-11 14:31:26.586] [error] Unrecognized Content-Security-Policy directive 'prefetch-src'.
[2024-11-11 14:31:27.862] [info]  Initializing voice engine with audio subsystem: standard
[2024-11-11 14:31:28.014] [info]  [default] [BUILD INFO] Release Channel: stable, Build Number: 342968, Version Hash: f8fde36fe736c489dc1460a37e819a7ac34c7a63
[2024-11-11 14:31:28.175] [info]  [default] [NATIVE INFO] host 0.0.73, modules: discord_desktop_core: 1, discord_erlpack: 1, discord_spellcheck: 1, discord_utils: 1, discord_voice: 1, discord_zstd: 1, build: null
[2024-11-11 14:31:28.178] [info]  [FAST CONNECT] connected in 1619ms
[2024-11-11 14:31:28.225] [info]  AppCrashedFatalReport lastCrash: [object Object] true
[2024-11-11 14:31:28.229] [error] [Spellchecker] sh is not a valid locale.
[2024-11-11 14:31:28.248] [error] Unrecognized Content-Security-Policy directive 'prefetch-src'.
[2024-11-11 14:31:28.248] [info]  [Spellchecker] Switching to en-US (available)
[2024-11-11 14:31:28.317] [error] Unrecognized Content-Security-Policy directive 'prefetch-src'.
[2024-11-11 14:31:31.817] [warn]  [CloudSyncUtils] CloudSync is not supported on this platform
[2024-11-11 14:31:31.951] [warn]  [DEPRECATED] Please use `subscribeWithSelector` middleware
[2024-11-11 14:31:32.037] [info]  [GatewaySocket] [CONNECT] wss://gateway.discord.gg, encoding: etf, version: 9, compression: zstd-stream
[2024-11-11 14:31:32.037] [info]  [GatewaySocket] [FAST CONNECT] successfully took over websocket, state: [object Object]
[2024-11-11 14:31:32.037] [info]  [GatewaySocket] [CONNECTED] wss://gateway.discord.gg/?encoding=etf&v=9&compress=zstd-stream in 1 ms
[2024-11-11 14:31:32.073] [error] Unrecognized Content-Security-Policy directive 'prefetch-src'.
[2024-11-11 14:31:32.073] [error] Unrecognized Content-Security-Policy directive 'prefetch-src'.
[2024-11-11 14:31:32.476] [info]  [GatewaySocket] [READY] took 440ms, as 55168d1885b034da3b562d4eb682a354
[2024-11-11 14:31:32.483] [info]  [Flux] Dispatching CONNECTION_OPEN
[2024-11-11 14:31:32.486] [info]  [DatabaseManager] removing database (user: 1161407499556106351, database: undefined)
[2024-11-11 14:31:32.490] [warn]  [NativeDispatchUtils] Tried getting Dispatch instance before instantiated
[2024-11-11 14:31:32.515] [info]  [GatewaySocket] [READY_SUPPLEMENTAL] took 479ms
[2024-11-11 14:31:32.628] [info]  [discord_protos.discord_users.v1.FrecencyUserSettings] Loading proto
[2024-11-11 14:31:33.551] [error] Unrecognized Content-Security-Policy directive 'prefetch-src'.
[2024-11-11 14:31:36.763] [error] Access to XMLHttpRequest at 'https://cdn.discordapp.com/changelogs/config_0.json?x=6' from origin 'https://discordapp.com' has been blocked by CORS policy: No 'Access-Control-Allow-Origin' header is present on the requested resource.
[2024-11-11 14:31:36.773] [error] Uncaught (in promise) Error: Request has been terminated
Possible causes: the network is offline, Origin is not allowed by Access-Control-Allow-Origin, the page is being unloaded, etc.
[2024-11-11 14:31:37.384] [info]  [discord_protos.discord_users.v1.FrecencyUserSettings] Scheduling save from markDirty
[2024-11-11 14:31:37.384] [info]  [discord_protos.discord_users.v1.FrecencyUserSettings] Persisting proto
[2024-11-11 14:31:51.457] [info]  [RPCServer:WSS] Starting on 6463
[2024-11-11 14:31:51.461] [info]  [RPCServer:IPC] Starting on /run/user/1000/discord-ipc-0
[2024-11-11 14:34:27.150] [info]  [MessageActionCreators] Fetching messages for 426912591831629834 between undefined and undefined. jump={"jumpType":"ANIMATED"}
[2024-11-11 14:34:27.271] [info]  [Routing/Utils] transitionTo - Transitioning to /channels/426912293134270465/426912591831629834
[2024-11-11 14:34:27.553] [error] Unrecognized Content-Security-Policy directive 'prefetch-src'.
[2024-11-11 14:34:27.645] [info]  [MessageActionCreators] Fetched 3 messages for 426912591831629834 isBefore:false isAfter:false
[2024-11-11 14:34:27.649] [info]  [ChannelMessages] loadComplete: resetting state for channelId=426912591831629834, sending.length=0
[2024-11-11 14:34:34.670] [info]  [MessageActionCreators] Fetching messages for 427518168995725317 between undefined and undefined. jump={"jumpType":"ANIMATED"}
[2024-11-11 14:34:34.754] [info]  [Routing/Utils] transitionTo - Transitioning to /channels/426912293134270465/427518168995725317
[2024-11-11 14:34:34.975] [info]  [MessageActionCreators] Fetched 50 messages for 427518168995725317 isBefore:false isAfter:false
[2024-11-11 14:34:34.982] [info]  [ChannelMessages] loadComplete: resetting state for channelId=427518168995725317, sending.length=0
[2024-11-11 14:41:13.725] [error] ResizeObserver loop completed with undelivered notifications.
[2024-11-11 14:42:14.754] [info]  [MessageQueue] Queueing message to be sent LogId:9061
[2024-11-11 14:42:14.754] [info]  [MessageQueue] Draining message from queue LogId:9061 QueueLength: 0
[2024-11-11 14:42:14.754] [info]  [MessageQueue] Draining Message Queue with:  0
[2024-11-11 14:42:14.772] [error] ResizeObserver loop completed with undelivered notifications.
[2024-11-11 14:42:15.185] [info]  [MessageQueue] Finished draining message from queue LogId:9061 QueueLength: 0
[2024-11-11 16:30:18.430] [info]  [GatewaySocket] [CONNECT] wss://gateway-us-east1-b.discord.gg, encoding: etf, version: 9, compression: zstd-stream
[2024-11-11 16:30:18.997] [info]  [GatewaySocket] [CONNECTED] wss://gateway-us-east1-b.discord.gg/?encoding=etf&v=9&compress=zstd-stream in 566 ms
[2024-11-11 16:30:18.998] [info]  [GatewaySocket] [RESUME] resuming session 55168d1885b034da3b562d4eb682a354, seq: 291
[2024-11-11 16:30:19.209] [info]  [Flux] Dispatching CONNECTION_RESUMED
[2024-11-11 16:30:19.213] [info]  [GatewaySocket] [RESUMED] took 782ms, replayed 0 events, new seq: 292
[2024-11-11 16:30:21.931] [info]  [discord_protos.discord_users.v1.FrecencyUserSettings] Scheduling save from markDirty
[2024-11-11 16:30:21.931] [info]  [discord_protos.discord_users.v1.FrecencyUserSettings] Persisting proto
[2024-11-11 17:12:20.889] [info]  [MessageQueue] Queueing message to be sent LogId:4331
[2024-11-11 17:12:20.889] [info]  [MessageQueue] Draining message from queue LogId:4331 QueueLength: 0
[2024-11-11 17:12:20.889] [info]  [MessageQueue] Draining Message Queue with:  0
[2024-11-11 17:12:21.553] [info]  [MessageQueue] Finished draining message from queue LogId:4331 QueueLength: 0
[2024-11-11 17:15:45.015] [info]  [Routing/Utils] transitionTo - Transitioning to /channels/426912293134270465/427518168995725317/1301232292580167700
[2024-11-11 17:15:45.026] [info]  [MessageActionCreators] Fetching messages for 427518168995725317 between undefined and undefined. jump={"messageId":"1301232292580167700","flash":true}
[2024-11-11 17:15:45.534] [info]  [MessageActionCreators] Fetched 51 messages for 427518168995725317 isBefore:false isAfter:false
[2024-11-11 17:15:45.542] [info]  [ChannelMessages] loadComplete: resetting state for channelId=427518168995725317, sending.length=0
[2024-11-11 17:15:45.703] [info]  Deprecated as of 10.7.0. highlight(lang, code, ...args) has been deprecated.
[2024-11-11 17:15:45.704] [info]  Deprecated as of 10.7.0. Please use highlight(code, options) instead.
https://github.com/highlightjs/highlight.js/issues/2277
[2024-11-11 17:15:53.582] [info]  [MessageActionCreators] Fetching messages for 427518168995725317 between 1301186500402085930 and undefined. jump=undefined
[2024-11-11 17:15:54.240] [info]  [MessageActionCreators] Fetched 50 messages for 427518168995725317 isBefore:true isAfter:false
[2024-11-11 17:22:52.171] [info]  [MessageActionCreators] Fetching messages for 427518168995725317 between undefined and undefined. jump={"messageId":"1305565792636768308","flash":false,"offset":1}
[2024-11-11 17:22:52.653] [info]  [MessageActionCreators] Fetched 28 messages for 427518168995725317 isBefore:false isAfter:false
[2024-11-11 17:22:52.655] [info]  [ChannelMessages] loadComplete: resetting state for channelId=427518168995725317, sending.length=0
[2024-11-11 17:23:19.151] [info]  [MessageQueue] Queueing message to be sent LogId:4629
[2024-11-11 17:23:19.151] [info]  [MessageQueue] Draining message from queue LogId:4629 QueueLength: 0
[2024-11-11 17:23:19.152] [info]  [MessageQueue] Draining Message Queue with:  0
[2024-11-11 17:23:19.678] [info]  [MessageQueue] Finished draining message from queue LogId:4629 QueueLength: 0
[2024-11-11 17:23:34.367] [error] ResizeObserver loop completed with undelivered notifications.
[2024-11-11 17:23:39.451] [info]  [MessageQueue] Queueing message to be sent LogId:1783
[2024-11-11 17:23:39.451] [info]  [MessageQueue] Draining message from queue LogId:1783 QueueLength: 0
[2024-11-11 17:23:39.452] [info]  [MessageQueue] Draining Message Queue with:  0
[2024-11-11 17:23:39.463] [error] ResizeObserver loop completed with undelivered notifications.
[2024-11-11 17:23:40.105] [info]  [MessageQueue] Finished draining message from queue LogId:1783 QueueLength: 0
[2024-11-11 17:38:03.509] [info]  [CloudUpload.tsx] Requesting upload url for upload4
[2024-11-11 17:38:04.174] [info]  [CloudUpload.tsx] Uploading upload4
[2024-11-11 17:38:08.129] [info]  [CloudUpload.tsx] Upload complete for upload4
[2024-11-11 17:38:17.649] [error] ResizeObserver loop completed with undelivered notifications.
[2024-11-11 17:38:22.088] [error] ResizeObserver loop completed with undelivered notifications.
[2024-11-11 17:38:30.587] [error] ResizeObserver loop completed with undelivered notifications.
[2024-11-11 17:39:21.759] [error] ResizeObserver loop completed with undelivered notifications.
[2024-11-11 17:40:38.667] [error] ResizeObserver loop completed with undelivered notifications.
[2024-11-11 17:40:40.763] [info]  [CloudUploaderBase.tsx] setUploadingTextForUI - total content: 63326 bytes and 1 attachments for Uploader6
[2024-11-11 17:40:40.770] [error] ResizeObserver loop completed with undelivered notifications.
[2024-11-11 17:40:41.946] [info]  [UploaderBase.tsx] _handleComplete for Uploader6
[2024-11-11 17:44:44.998] [warn]  [ComponentDispatchUtils] ComponentDispatch.subscribe: Attempting to add a duplicate listener POPOUT_CLOSE
[2024-11-11 18:28:13.134] [error] ResizeObserver loop completed with undelivered notifications.
[2024-11-11 18:28:24.228] [info]  [MessageQueue] Queueing message to be sent LogId:5951
[2024-11-11 18:28:24.228] [info]  [MessageQueue] Draining message from queue LogId:5951 QueueLength: 0
[2024-11-11 18:28:24.228] [info]  [MessageQueue] Draining Message Queue with:  0
[2024-11-11 18:28:24.243] [error] ResizeObserver loop completed with undelivered notifications.
[2024-11-11 18:28:25.399] [info]  [MessageQueue] Finished draining message from queue LogId:5951 QueueLength: 0
[2024-11-11 18:28:39.326] [info]  [MessageActionCreators] Fetching messages for 509069625556992030 between undefined and undefined. jump={"jumpType":"ANIMATED"}
[2024-11-11 18:28:39.456] [info]  [Routing/Utils] transitionTo - Transitioning to /channels/426912293134270465/509069625556992030
[2024-11-11 18:28:39.825] [info]  [MessageActionCreators] Fetched 50 messages for 509069625556992030 isBefore:false isAfter:false
[2024-11-11 18:28:39.833] [info]  [ChannelMessages] loadComplete: resetting state for channelId=509069625556992030, sending.length=0
[2024-11-11 18:28:44.296] [info]  [MessageActionCreators] Fetching messages for 509069625556992030 between 1269375676721529032 and undefined. jump=undefined
[2024-11-11 18:28:44.782] [info]  [MessageActionCreators] Fetched 50 messages for 509069625556992030 isBefore:true isAfter:false
[2024-11-11 18:28:46.148] [info]  [MessageActionCreators] Fetching messages for 509069625556992030 between 1267086204470427730 and undefined. jump=undefined
[2024-11-11 18:28:46.725] [info]  [MessageActionCreators] Fetched 50 messages for 509069625556992030 isBefore:true isAfter:false
[2024-11-11 18:28:52.364] [info]  [MessageActionCreators] Fetching messages for 509069625556992030 between 1250569282258210856 and undefined. jump=undefined
[2024-11-11 18:28:52.971] [info]  [MessageActionCreators] Fetched 50 messages for 509069625556992030 isBefore:true isAfter:false
[2024-11-11 18:29:02.624] [info]  [Routing/Utils] transitionTo - Transitioning to /channels/426912293134270465/427518168995725317
[2024-11-11 18:30:21.145] [info]  [MessageQueue] Queueing message to be sent LogId:4556
[2024-11-11 18:30:21.145] [info]  [MessageQueue] Draining message from queue LogId:4556 QueueLength: 0
[2024-11-11 18:30:21.145] [info]  [MessageQueue] Draining Message Queue with:  0
[2024-11-11 18:30:22.174] [info]  [MessageQueue] Finished draining message from queue LogId:4556 QueueLength: 0
[2024-11-11 18:38:54.142] [info]  [discord_protos.discord_users.v1.FrecencyUserSettings] Scheduling save from markDirty
[2024-11-11 18:38:54.146] [info]  [discord_protos.discord_users.v1.FrecencyUserSettings] Persisting proto
[2024-11-11 18:40:12.924] [info]  [GatewaySocket] [WS CLOSED] (false, 1006, ) retrying in 1.25 seconds.
[2024-11-11 18:40:14.171] [info]  [GatewaySocket] [CONNECT] wss://gateway-us-east1-b.discord.gg, encoding: etf, version: 9, compression: zstd-stream
[2024-11-11 18:40:14.175] [info]  [GatewaySocket] [WS CLOSED] (false, 0, An error with the websocket occurred) retrying in 1.77 seconds.
[2024-11-11 18:40:24.605] [info]  [GatewaySocket] [CONNECT] wss://gateway.discord.gg, encoding: etf, version: 9, compression: zstd-stream
[2024-11-11 18:40:24.611] [info]  [GatewaySocket] [WS CLOSED] (true, 0, power monitor resumed) retrying immediately.
[2024-11-11 18:40:24.611] [info]  [GatewaySocket] [CONNECT] wss://gateway.discord.gg, encoding: etf, version: 9, compression: zstd-stream
[2024-11-11 18:40:24.625] [info]  [GatewaySocket] [WS CLOSED] (true, 0, power monitor resumed) retrying immediately.
[2024-11-11 18:40:24.625] [info]  [GatewaySocket] [CONNECT] wss://gateway.discord.gg, encoding: etf, version: 9, compression: zstd-stream
[2024-11-11 18:40:24.627] [info]  [GatewaySocket] [WS CLOSED] (false, 0, An error with the websocket occurred) retrying in 1.89 seconds.
[2024-11-11 18:40:26.516] [info]  [GatewaySocket] [CONNECT] wss://gateway.discord.gg, encoding: etf, version: 9, compression: zstd-stream
[2024-11-11 18:40:26.522] [info]  [GatewaySocket] [WS CLOSED] (false, 0, An error with the websocket occurred) retrying in 2.21 seconds.
[2024-11-11 18:40:28.155] [info]  [GatewaySocket] [CONNECT] wss://gateway.discord.gg, encoding: etf, version: 9, compression: zstd-stream
[2024-11-11 18:40:28.201] [info]  [GatewaySocket] [WS CLOSED] (false, 0, An error with the websocket occurred) retrying in 2.51 seconds.
[2024-11-11 18:40:30.720] [info]  [GatewaySocket] [CONNECT] wss://gateway.discord.gg, encoding: etf, version: 9, compression: zstd-stream
[2024-11-11 18:40:31.181] [info]  [GatewaySocket] [CONNECTED] wss://gateway.discord.gg/?encoding=etf&v=9&compress=zstd-stream in 461 ms
[2024-11-11 18:40:31.182] [info]  [GatewaySocket] [RESUME] resuming session 55168d1885b034da3b562d4eb682a354, seq: 772
[2024-11-11 18:40:31.383] [info]  [Flux] Dispatching CONNECTION_RESUMED
[2024-11-11 18:40:31.385] [info]  [GatewaySocket] [RESUMED] took 664ms, replayed 0 events, new seq: 775
[2024-11-11 18:40:52.922] [info]  [GatewaySocket] [WS CLOSED] (false, 1006, ) retrying in 1.52 seconds.
[2024-11-11 18:46:17.583] [info]  [GatewaySocket] [CONNECT] wss://gateway.discord.gg, encoding: etf, version: 9, compression: zstd-stream
[2024-11-11 18:46:17.611] [info]  [GatewaySocket] [WS CLOSED] (false, 0, An error with the websocket occurred) retrying in 3.92 seconds.
[2024-11-11 18:46:17.733] [info]  [GatewaySocket] [CONNECT] wss://gateway.discord.gg, encoding: etf, version: 9, compression: zstd-stream
[2024-11-11 18:46:17.751] [info]  [GatewaySocket] [WS CLOSED] (true, 0, power monitor resumed) retrying immediately.
[2024-11-11 18:46:17.751] [info]  [GatewaySocket] [CONNECT] wss://gateway.discord.gg, encoding: etf, version: 9, compression: zstd-stream
[2024-11-11 18:46:17.754] [info]  [GatewaySocket] [WS CLOSED] (false, 0, An error with the websocket occurred) retrying in 2.29 seconds.
[2024-11-11 18:46:20.049] [info]  [GatewaySocket] [CONNECT] wss://gateway.discord.gg, encoding: etf, version: 9, compression: zstd-stream
[2024-11-11 18:46:20.054] [info]  [GatewaySocket] [WS CLOSED] (false, 0, An error with the websocket occurred) retrying in 5.65 seconds.
[2024-11-11 18:46:21.530] [info]  [GatewaySocket] [CONNECT] wss://gateway.discord.gg, encoding: etf, version: 9, compression: zstd-stream
[2024-11-11 18:46:21.576] [info]  [GatewaySocket] [WS CLOSED] (false, 0, An error with the websocket occurred) retrying in 1.80 seconds.
[2024-11-11 18:46:23.380] [info]  [GatewaySocket] [CONNECT] wss://gateway.discord.gg, encoding: etf, version: 9, compression: zstd-stream
[2024-11-11 18:46:23.817] [info]  [GatewaySocket] [CONNECTED] wss://gateway.discord.gg/?encoding=etf&v=9&compress=zstd-stream in 437 ms
[2024-11-11 18:46:24.310] [info]  [GatewaySocket] [READY] took 931ms, as be373ae9be06daaa6c8ab7054f607caa
[2024-11-11 18:46:24.316] [info]  [Flux] Dispatching CONNECTION_OPEN
[2024-11-11 18:46:24.318] [info]  [DatabaseManager] removing database (user: 1161407499556106351, database: null)
[2024-11-11 18:46:24.324] [warn]  [NativeDispatchUtils] Tried getting Dispatch instance before instantiated
[2024-11-11 18:46:24.340] [info]  [MessageActionCreators] Fetching messages for 427518168995725317 between undefined and undefined. jump={"jumpType":"ANIMATED"}
[2024-11-11 18:46:24.360] [info]  [GatewaySocket] [READY_SUPPLEMENTAL] took 981ms
[2024-11-11 18:46:24.837] [info]  [MessageActionCreators] Fetched 50 messages for 427518168995725317 isBefore:false isAfter:false
[2024-11-11 18:46:24.841] [info]  [ChannelMessages] loadComplete: resetting state for channelId=427518168995725317, sending.length=0
[2024-11-11 18:46:26.678] [error] Access to XMLHttpRequest at 'https://cdn.discordapp.com/changelogs/config_0.json?x=9' from origin 'https://discordapp.com' has been blocked by CORS policy: No 'Access-Control-Allow-Origin' header is present on the requested resource.
[2024-11-11 18:46:26.685] [error] Uncaught (in promise) Error: Request has been terminated
Possible causes: the network is offline, Origin is not allowed by Access-Control-Allow-Origin, the page is being unloaded, etc.
[2024-11-11 18:51:14.485] [warn]  [GatewaySocket] [ACK TIMEOUT] reconnecting in 2.47 seconds.
[2024-11-11 18:51:16.706] [info]  [GatewaySocket] [CONNECT] wss://gateway-us-east1-c.discord.gg, encoding: etf, version: 9, compression: zstd-stream
[2024-11-11 18:51:16.752] [info]  [GatewaySocket] [WS CLOSED] (false, 0, An error with the websocket occurred) retrying in 2.79 seconds.
[2024-11-11 18:51:19.545] [info]  [GatewaySocket] [CONNECT] wss://gateway.discord.gg, encoding: etf, version: 9, compression: zstd-stream
[2024-11-11 18:51:19.582] [info]  [GatewaySocket] [WS CLOSED] (false, 0, An error with the websocket occurred) retrying in 6.16 seconds.
[2024-11-11 18:51:25.754] [info]  [GatewaySocket] [CONNECT] wss://gateway.discord.gg, encoding: etf, version: 9, compression: zstd-stream
[2024-11-11 18:51:25.816] [info]  [GatewaySocket] [WS CLOSED] (false, 0, An error with the websocket occurred) retrying in 9.25 seconds.
[2024-11-11 18:51:35.072] [info]  [GatewaySocket] [CONNECT] wss://gateway.discord.gg, encoding: etf, version: 9, compression: zstd-stream
[2024-11-11 18:51:35.134] [info]  [GatewaySocket] [WS CLOSED] (false, 0, An error with the websocket occurred) retrying in 11.18 seconds.
[2024-11-11 18:51:46.314] [info]  [GatewaySocket] [CONNECT] wss://gateway.discord.gg, encoding: etf, version: 9, compression: zstd-stream
[2024-11-11 18:51:46.367] [info]  [GatewaySocket] [WS CLOSED] (false, 0, An error with the websocket occurred) retrying in 27.15 seconds.
[2024-11-11 18:51:46.367] [warn]  [GatewaySocket] [RESET] (false, 0, An error with the websocket occurred)
[2024-11-11 18:51:46.368] [info]  [Flux] Dispatching CONNECTION_CLOSED
[2024-11-11 18:52:00.581] [error] Uncaught (in promise) Error: Request has been terminated
Possible causes: the network is offline, Origin is not allowed by Access-Control-Allow-Origin, the page is being unloaded, etc.
[2024-11-11 18:52:13.519] [info]  [GatewaySocket] [CONNECT] wss://gateway.discord.gg, encoding: etf, version: 9, compression: zstd-stream
[2024-11-11 18:52:13.575] [info]  [GatewaySocket] [WS CLOSED] (false, 0, An error with the websocket occurred) retrying in 57.12 seconds.
[2024-11-11 18:52:13.575] [warn]  [GatewaySocket] [RESET] (false, 0, An error with the websocket occurred)
[2024-11-11 18:52:13.576] [info]  [Flux] Dispatching CONNECTION_CLOSED
[2024-11-11 18:53:10.699] [info]  [GatewaySocket] [CONNECT] wss://gateway.discord.gg, encoding: etf, version: 9, compression: zstd-stream
[2024-11-11 18:53:10.757] [info]  [GatewaySocket] [WS CLOSED] (false, 0, An error with the websocket occurred) retrying in 60.00 seconds.
[2024-11-11 18:53:10.757] [warn]  [GatewaySocket] [RESET] (false, 0, An error with the websocket occurred)
[2024-11-11 18:53:10.757] [info]  [Flux] Dispatching CONNECTION_CLOSED
[2024-11-11 18:54:10.759] [info]  [GatewaySocket] [CONNECT] wss://gateway.discord.gg, encoding: etf, version: 9, compression: zstd-stream
[2024-11-11 18:54:10.812] [info]  [GatewaySocket] [WS CLOSED] (false, 0, An error with the websocket occurred) retrying in 60.00 seconds.
[2024-11-11 18:54:10.812] [warn]  [GatewaySocket] [RESET] (false, 0, An error with the websocket occurred)
[2024-11-11 18:54:10.813] [info]  [Flux] Dispatching CONNECTION_CLOSED
[2024-11-11 18:55:10.817] [info]  [GatewaySocket] [CONNECT] wss://gateway.discord.gg, encoding: etf, version: 9, compression: zstd-stream
[2024-11-11 18:55:10.869] [info]  [GatewaySocket] [WS CLOSED] (false, 0, An error with the websocket occurred) retrying in 60.00 seconds.
[2024-11-11 18:55:10.869] [warn]  [GatewaySocket] [RESET] (false, 0, An error with the websocket occurred)
[2024-11-11 18:55:10.869] [info]  [Flux] Dispatching CONNECTION_CLOSED
[2024-11-11 18:56:10.875] [info]  [GatewaySocket] [CONNECT] wss://gateway.discord.gg, encoding: etf, version: 9, compression: zstd-stream
[2024-11-11 18:56:10.927] [info]  [GatewaySocket] [WS CLOSED] (false, 0, An error with the websocket occurred) retrying in 60.00 seconds.
[2024-11-11 18:56:10.927] [warn]  [GatewaySocket] [RESET] (false, 0, An error with the websocket occurred)
[2024-11-11 18:56:10.928] [info]  [Flux] Dispatching CONNECTION_CLOSED
[2024-11-11 18:57:10.934] [info]  [GatewaySocket] [CONNECT] wss://gateway.discord.gg, encoding: etf, version: 9, compression: zstd-stream
[2024-11-11 18:57:10.993] [info]  [GatewaySocket] [WS CLOSED] (false, 0, An error with the websocket occurred) retrying in 60.00 seconds.
[2024-11-11 18:57:10.993] [warn]  [GatewaySocket] [RESET] (false, 0, An error with the websocket occurred)
[2024-11-11 18:57:10.993] [info]  [Flux] Dispatching CONNECTION_CLOSED
[2024-11-11 18:58:10.996] [info]  [GatewaySocket] [CONNECT] wss://gateway.discord.gg, encoding: etf, version: 9, compression: zstd-stream
[2024-11-11 18:58:11.061] [info]  [GatewaySocket] [WS CLOSED] (false, 0, An error with the websocket occurred) retrying in 60.00 seconds.
[2024-11-11 18:58:11.061] [warn]  [GatewaySocket] [RESET] (false, 0, An error with the websocket occurred)
[2024-11-11 18:58:11.061] [info]  [Flux] Dispatching CONNECTION_CLOSED
[2024-11-11 18:58:40.084] [info]  [GatewaySocket] [CONNECT] wss://gateway.discord.gg, encoding: etf, version: 9, compression: zstd-stream
[2024-11-11 18:58:40.129] [info]  [GatewaySocket] [WS CLOSED] (false, 0, An error with the websocket occurred) retrying in 1.42 seconds.
[2024-11-11 18:58:41.551] [info]  [GatewaySocket] [CONNECT] wss://gateway.discord.gg, encoding: etf, version: 9, compression: zstd-stream
[2024-11-11 18:58:41.980] [info]  [GatewaySocket] [CONNECTED] wss://gateway.discord.gg/?encoding=etf&v=9&compress=zstd-stream in 430 ms
[2024-11-11 18:58:42.528] [info]  [GatewaySocket] [READY] took 978ms, as b54eebb7ca3b7d765d4ff0997fe8c06e
[2024-11-11 18:58:42.532] [info]  [Flux] Dispatching CONNECTION_OPEN
[2024-11-11 18:58:42.533] [info]  [DatabaseManager] removing database (user: 1161407499556106351, database: null)
[2024-11-11 18:58:42.536] [warn]  [NativeDispatchUtils] Tried getting Dispatch instance before instantiated
[2024-11-11 18:58:42.541] [info]  [MessageActionCreators] Fetching messages for 427518168995725317 between undefined and undefined. jump={"jumpType":"ANIMATED"}
[2024-11-11 18:58:42.558] [info]  [GatewaySocket] [READY_SUPPLEMENTAL] took 1008ms
[2024-11-11 18:58:43.349] [info]  [MessageActionCreators] Fetched 50 messages for 427518168995725317 isBefore:false isAfter:false
[2024-11-11 18:58:43.356] [info]  [ChannelMessages] loadComplete: resetting state for channelId=427518168995725317, sending.length=0
[2024-11-11 18:58:45.858] [error] Access to XMLHttpRequest at 'https://cdn.discordapp.com/changelogs/config_0.json?x=11' from origin 'https://discordapp.com' has been blocked by CORS policy: No 'Access-Control-Allow-Origin' header is present on the requested resource.
[2024-11-11 18:58:45.900] [error] Uncaught (in promise) Error: Request has been terminated
Possible causes: the network is offline, Origin is not allowed by Access-Control-Allow-Origin, the page is being unloaded, etc.
[2024-11-11 19:03:46.144] [info]  [discord_protos.discord_users.v1.FrecencyUserSettings] Loading proto
[2024-11-11 19:04:41.169] [info]  [MessageQueue] Queueing message to be sent LogId:9968
[2024-11-11 19:04:41.169] [info]  [MessageQueue] Draining message from queue LogId:9968 QueueLength: 0
[2024-11-11 19:04:41.169] [info]  [MessageQueue] Draining Message Queue with:  0
[2024-11-11 19:04:41.564] [info]  [MessageQueue] Finished draining message from queue LogId:9968 QueueLength: 0
[2024-11-11 19:05:22.682] [error] ResizeObserver loop completed with undelivered notifications.
[2024-11-11 19:05:30.045] [info]  [MessageQueue] Queueing message to be sent LogId:8118
[2024-11-11 19:05:30.045] [info]  [MessageQueue] Draining message from queue LogId:8118 QueueLength: 0
[2024-11-11 19:05:30.045] [info]  [MessageQueue] Draining Message Queue with:  0
[2024-11-11 19:05:30.057] [error] ResizeObserver loop completed with undelivered notifications.
[2024-11-11 19:05:30.818] [info]  [MessageQueue] Finished draining message from queue LogId:8118 QueueLength: 0
[2024-11-11 19:08:36.410] [info]  [MessageQueue] Queueing message to be sent LogId:7416
[2024-11-11 19:08:36.410] [info]  [MessageQueue] Draining message from queue LogId:7416 QueueLength: 0
[2024-11-11 19:08:36.410] [info]  [MessageQueue] Draining Message Queue with:  0
[2024-11-11 19:08:37.186] [info]  [MessageQueue] Finished draining message from queue LogId:7416 QueueLength: 0
[2024-11-11 19:09:33.309] [error] ResizeObserver loop completed with undelivered notifications.
[2024-11-11 19:09:40.281] [info]  [MessageQueue] Queueing message to be sent LogId:5369
[2024-11-11 19:09:40.281] [info]  [MessageQueue] Draining message from queue LogId:5369 QueueLength: 0
[2024-11-11 19:09:40.281] [info]  [MessageQueue] Draining Message Queue with:  0
[2024-11-11 19:09:40.293] [error] ResizeObserver loop completed with undelivered notifications.
[2024-11-11 19:09:40.894] [info]  [MessageQueue] Finished draining message from queue LogId:5369 QueueLength: 0
[2024-11-11 19:12:29.273] [error] ResizeObserver loop completed with undelivered notifications.
[2024-11-11 19:12:30.700] [info]  [MessageQueue] Queueing message to be sent LogId:395
[2024-11-11 19:12:30.700] [info]  [MessageQueue] Draining message from queue LogId:395 QueueLength: 0
[2024-11-11 19:12:30.700] [info]  [MessageQueue] Draining Message Queue with:  0
[2024-11-11 19:12:30.714] [error] ResizeObserver loop completed with undelivered notifications.
[2024-11-11 19:12:31.395] [info]  [MessageQueue] Finished draining message from queue LogId:395 QueueLength: 0
[2024-11-11 19:13:02.931] [info]  [MessageQueue] Queueing message to be sent LogId:1814
[2024-11-11 19:13:02.932] [info]  [MessageQueue] Draining message from queue LogId:1814 QueueLength: 0
[2024-11-11 19:13:02.932] [info]  [MessageQueue] Draining Message Queue with:  0
[2024-11-11 19:13:03.350] [info]  [MessageQueue] Finished draining message from queue LogId:1814 QueueLength: 0
[2024-11-11 19:13:13.043] [info]  [discord_protos.discord_users.v1.PreloadedUserSettings] Updating userContent with delay 0
[2024-11-11 19:13:13.054] [info]  [discord_protos.discord_users.v1.PreloadedUserSettings] Scheduling save from markDirty
[2024-11-11 19:13:13.073] [info]  [discord_protos.discord_users.v1.PreloadedUserSettings] Persisting proto
[2024-11-11 19:18:01.127] [info]  [MessageQueue] Queueing message to be sent LogId:6609
[2024-11-11 19:18:01.128] [info]  [MessageQueue] Draining message from queue LogId:6609 QueueLength: 0
[2024-11-11 19:18:01.128] [info]  [MessageQueue] Draining Message Queue with:  0
[2024-11-11 19:18:01.668] [info]  [MessageQueue] Finished draining message from queue LogId:6609 QueueLength: 0
[2024-11-11 19:19:52.975] [error] ResizeObserver loop completed with undelivered notifications.
[2024-11-11 19:19:53.984] [info]  [MessageQueue] Queueing message to be sent LogId:3465
[2024-11-11 19:19:53.984] [info]  [MessageQueue] Draining message from queue LogId:3465 QueueLength: 0
[2024-11-11 19:19:53.984] [info]  [MessageQueue] Draining Message Queue with:  0
[2024-11-11 19:19:54.001] [error] ResizeObserver loop completed with undelivered notifications.
[2024-11-11 19:19:55.037] [info]  [MessageQueue] Finished draining message from queue LogId:3465 QueueLength: 0
[2024-11-11 19:20:14.650] [error] ResizeObserver loop completed with undelivered notifications.
[2024-11-11 19:20:17.984] [error] ResizeObserver loop completed with undelivered notifications.
[2024-11-11 19:21:00.330] [info]  [CloudUpload.tsx] Requesting upload url for upload33
[2024-11-11 19:21:01.064] [info]  [CloudUpload.tsx] Uploading upload33
[2024-11-11 19:21:02.151] [info]  [CloudUpload.tsx] Upload complete for upload33
[2024-11-11 19:21:09.340] [info]  [CloudUploaderBase.tsx] setUploadingTextForUI - total content: 1219 bytes and 1 attachments for Uploader35
[2024-11-11 19:21:10.389] [info]  [UploaderBase.tsx] _handleComplete for Uploader35
[2024-11-11 19:21:41.128] [info]  [MessageQueue] Queueing message to be sent LogId:6449
[2024-11-11 19:21:41.128] [info]  [MessageQueue] Draining message from queue LogId:6449 QueueLength: 0
[2024-11-11 19:21:41.128] [info]  [MessageQueue] Draining Message Queue with:  0
[2024-11-11 19:21:41.722] [info]  [MessageQueue] Finished draining message from queue LogId:6449 QueueLength: 0
[2024-11-11 19:22:16.596] [info]  [MessageQueue] Queueing message to be sent LogId:4568
[2024-11-11 19:22:16.596] [info]  [MessageQueue] Draining message from queue LogId:4568 QueueLength: 0
[2024-11-11 19:22:16.597] [info]  [MessageQueue] Draining Message Queue with:  0
[2024-11-11 19:22:17.180] [info]  [MessageQueue] Finished draining message from queue LogId:4568 QueueLength: 0
[2024-11-11 19:27:03.219] [info]  [GatewaySocket] [CONNECT] wss://gateway-us-east1-d.discord.gg, encoding: etf, version: 9, compression: zstd-stream
[2024-11-11 19:27:04.114] [info]  [GatewaySocket] [CONNECTED] wss://gateway-us-east1-d.discord.gg/?encoding=etf&v=9&compress=zstd-stream in 894 ms
[2024-11-11 19:27:04.115] [info]  [GatewaySocket] [RESUME] resuming session b54eebb7ca3b7d765d4ff0997fe8c06e, seq: 295
[2024-11-11 19:27:04.344] [info]  [Flux] Dispatching CONNECTION_RESUMED
[2024-11-11 19:27:04.352] [info]  [GatewaySocket] [RESUMED] took 1133ms, replayed 0 events, new seq: 296
[2024-11-11 19:34:18.100] [info]  [GatewaySocket] [WS CLOSED] (false, 1006, ) retrying in 2.67 seconds.
[2024-11-12 09:15:41.437] [info]  [GatewaySocket] [CONNECT] wss://gateway-us-east1-d.discord.gg, encoding: etf, version: 9, compression: zstd-stream
[2024-11-12 09:15:41.667] [info]  [GatewaySocket] [WS CLOSED] (false, 0, An error with the websocket occurred) retrying in 4.89 seconds.
[2024-11-12 09:15:42.212] [info]  [GatewaySocket] [CONNECT] wss://gateway.discord.gg, encoding: etf, version: 9, compression: zstd-stream
[2024-11-12 09:15:42.444] [info]  [GatewaySocket] [WS CLOSED] (true, 0, power monitor resumed) retrying immediately.
[2024-11-12 09:15:42.745] [info]  [GatewaySocket] [CONNECT] wss://gateway.discord.gg, encoding: etf, version: 9, compression: zstd-stream
[2024-11-12 09:15:42.779] [info]  [GatewaySocket] [WS CLOSED] (false, 0, An error with the websocket occurred) retrying in 1.58 seconds.
[2024-11-12 09:15:44.362] [info]  [GatewaySocket] [CONNECT] wss://gateway.discord.gg, encoding: etf, version: 9, compression: zstd-stream
[2024-11-12 09:15:44.382] [info]  [GatewaySocket] [WS CLOSED] (false, 0, An error with the websocket occurred) retrying in 3.45 seconds.
[2024-11-12 09:15:46.859] [info]  [GatewaySocket] [CONNECT] wss://gateway.discord.gg, encoding: etf, version: 9, compression: zstd-stream
[2024-11-12 09:15:47.101] [info]  [GatewaySocket] [CONNECTED] wss://gateway.discord.gg/?encoding=etf&v=9&compress=zstd-stream in 239 ms
[2024-11-12 09:15:48.115] [info]  [GatewaySocket] [READY] took 1260ms, as e9e8436ef26f4d8468a7a300e72619c5
[2024-11-12 09:15:48.324] [info]  [Flux] Dispatching CONNECTION_OPEN
[2024-11-12 09:15:48.372] [info]  [DatabaseManager] removing database (user: 1161407499556106351, database: null)
[2024-11-12 09:15:48.482] [warn]  [NativeDispatchUtils] Tried getting Dispatch instance before instantiated
[2024-11-12 09:15:48.784] [info]  [MessageActionCreators] Fetching messages for 427518168995725317 between undefined and undefined. jump={"jumpType":"ANIMATED"}
[2024-11-12 09:15:49.115] [info]  [GatewaySocket] [READY_SUPPLEMENTAL] took 2261ms
[2024-11-12 09:15:53.147] [info]  [MessageActionCreators] Fetched 50 messages for 427518168995725317 isBefore:false isAfter:false
[2024-11-12 09:15:53.188] [info]  [ChannelMessages] loadComplete: resetting state for channelId=427518168995725317, sending.length=0
[2024-11-12 09:15:59.150] [error] Access to XMLHttpRequest at 'https://cdn.discordapp.com/changelogs/config_0.json?x=3' from origin 'https://discordapp.com' has been blocked by CORS policy: No 'Access-Control-Allow-Origin' header is present on the requested resource.
[2024-11-12 09:15:59.294] [error] Uncaught (in promise) Error: Request has been terminated
Possible causes: the network is offline, Origin is not allowed by Access-Control-Allow-Origin, the page is being unloaded, etc.
[2024-11-12 09:37:20.139] [error] Unrecognized Content-Security-Policy directive 'prefetch-src'.
[2024-11-12 09:37:22.205] [info]  [FAST CONNECT] wss://gateway.discord.gg/?encoding=etf&v=9&compress=zstd-stream, encoding: etf, version: 9
[2024-11-12 09:37:22.244] [error] Unrecognized Content-Security-Policy directive 'prefetch-src'.
[2024-11-12 09:37:22.245] [error] Unrecognized Content-Security-Policy directive 'prefetch-src'.
[2024-11-12 09:37:22.370] [info]  [FAST CONNECT] connected in 164ms
[2024-11-12 09:37:22.782] [info]  Initializing voice engine with audio subsystem: standard
[2024-11-12 09:37:22.883] [info]  [default] [BUILD INFO] Release Channel: stable, Build Number: 342968, Version Hash: f8fde36fe736c489dc1460a37e819a7ac34c7a63
[2024-11-12 09:37:22.934] [info]  [default] [NATIVE INFO] host 0.0.73, modules: discord_desktop_core: 1, discord_erlpack: 1, discord_spellcheck: 1, discord_utils: 1, discord_voice: 1, discord_zstd: 1, discord_krisp: 1, discord_game_utils: 1, discord_rpc: 1, build: null
[2024-11-12 09:37:23.643] [error] [Spellchecker] sh is not a valid locale.
[2024-11-12 09:37:23.650] [error] Unrecognized Content-Security-Policy directive 'prefetch-src'.
[2024-11-12 09:37:23.666] [info]  [Spellchecker] Switching to en-US (available)
[2024-11-12 09:37:23.679] [error] Unrecognized Content-Security-Policy directive 'prefetch-src'.
[2024-11-12 09:37:23.736] [error] Unrecognized Content-Security-Policy directive 'prefetch-src'.
[2024-11-12 09:37:23.737] [error] Unrecognized Content-Security-Policy directive 'prefetch-src'.
[2024-11-12 09:37:24.021] [warn]  [CloudSyncUtils] CloudSync is not supported on this platform
[2024-11-12 09:37:24.076] [warn]  [DEPRECATED] Please use `subscribeWithSelector` middleware
[2024-11-12 09:37:24.120] [info]  [GatewaySocket] [CONNECT] wss://gateway.discord.gg, encoding: etf, version: 9, compression: zstd-stream
[2024-11-12 09:37:24.120] [info]  [GatewaySocket] [FAST CONNECT] successfully took over websocket, state: [object Object]
[2024-11-12 09:37:24.120] [info]  [GatewaySocket] [CONNECTED] wss://gateway.discord.gg/?encoding=etf&v=9&compress=zstd-stream in 0 ms
[2024-11-12 09:37:24.142] [info]  [RPCServer:WSS] Starting on 6463
[2024-11-12 09:37:24.145] [info]  [RPCServer:IPC] Starting on /run/user/1000/discord-ipc-0
[2024-11-12 09:37:24.560] [info]  [GatewaySocket] [READY] took 441ms, as 660c66926b1a66817387830d70fa0368
[2024-11-12 09:37:24.566] [info]  [Flux] Dispatching CONNECTION_OPEN
[2024-11-12 09:37:24.571] [info]  [DatabaseManager] removing database (user: 1161407499556106351, database: undefined)
[2024-11-12 09:37:24.572] [warn]  [NativeDispatchUtils] Tried getting Dispatch instance before instantiated
[2024-11-12 09:37:24.580] [info]  [MessageActionCreators] Fetching messages for 427518168995725317 between undefined and undefined. jump={"jumpType":"ANIMATED"}
[2024-11-12 09:37:24.585] [info]  [GatewaySocket] [READY_SUPPLEMENTAL] took 465ms
[2024-11-12 09:37:24.658] [info]  [discord_protos.discord_users.v1.FrecencyUserSettings] Loading proto
[2024-11-12 09:37:24.727] [error] Unrecognized Content-Security-Policy directive 'prefetch-src'.
[2024-11-12 09:37:24.790] [info]  [MessageActionCreators] Fetched 50 messages for 427518168995725317 isBefore:false isAfter:false
[2024-11-12 09:37:24.795] [info]  [ChannelMessages] loadComplete: resetting state for channelId=427518168995725317, sending.length=0
[2024-11-12 09:37:26.769] [error] Access to XMLHttpRequest at 'https://cdn.discordapp.com/changelogs/config_0.json?x=7' from origin 'https://discordapp.com' has been blocked by CORS policy: No 'Access-Control-Allow-Origin' header is present on the requested resource.
[2024-11-12 09:37:26.784] [error] Uncaught (in promise) Error: Request has been terminated
Possible causes: the network is offline, Origin is not allowed by Access-Control-Allow-Origin, the page is being unloaded, etc.
