2024-10-17 14:40:46.765 [info] [main] Log level: Info
2024-10-17 14:40:46.765 [info] [main] Validating found git in: "git"
2024-10-17 14:40:46.765 [info] [main] Using git "2.39.5" from "git"
2024-10-17 14:40:46.765 [info] [Model][doInitialScan] Initial repository scan started
2024-10-17 14:40:46.765 [info] > git rev-parse --show-toplevel [4ms]
2024-10-17 14:40:46.765 [info] > git rev-parse --git-dir --git-common-dir [1ms]
2024-10-17 14:40:46.765 [info] [Model][openRepository] Opened repository: /home/lucky/Documents/projects/c/3d_renderer
2024-10-17 14:40:46.766 [info] > git rev-parse --show-toplevel [3ms]
2024-10-17 14:40:46.767 [info] > git config --get commit.template [6ms]
2024-10-17 14:40:46.877 [info] > git rev-parse --show-toplevel [18ms]
2024-10-17 14:40:46.884 [info] > git for-each-ref --format %(refname) %(objectname) %(*objectname) refs/tags [8ms]
2024-10-17 14:40:46.893 [info] > git status -z -uall [6ms]
2024-10-17 14:40:46.893 [info] > git rev-parse --show-toplevel [12ms]
2024-10-17 14:40:46.894 [info] [Model][doInitialScan] Initial repository scan completed - repositories (1), closed repositories (0), parent repositories (0), unsafe repositories (0)
2024-10-17 14:40:46.895 [info] > git for-each-ref --sort -committerdate --format %(refname) %(objectname) %(*objectname) [4ms]
2024-10-17 14:40:46.911 [info] > git config --get commit.template [2ms]
2024-10-17 14:40:46.968 [info] > git for-each-ref --format %(refname) %(objectname) %(*objectname) refs/tags [53ms]
2024-10-17 14:40:47.022 [info] > git status -z -uall [47ms]
2024-10-17 14:40:47.022 [info] > git for-each-ref --sort -committerdate --format %(refname) %(objectname) %(*objectname) [40ms]
2024-10-17 14:40:47.107 [info] > git show --textconv :src/camera.hpp [3ms]
2024-10-17 14:40:47.107 [info] > git ls-files --stage -- /home/lucky/Documents/projects/c/3d_renderer/src/camera.hpp [1ms]
2024-10-17 14:40:47.111 [info] > git cat-file -s 32919a64fa6e924eebe668d80c7403d6331a947e [1ms]
2024-10-17 14:40:47.371 [info] > git check-ignore -v -z --stdin [2ms]
2024-10-17 14:40:50.309 [info] > git show --textconv :src/projector.hpp [9ms]
2024-10-17 14:40:50.311 [info] > git ls-files --stage -- /home/lucky/Documents/projects/c/3d_renderer/src/projector.hpp [2ms]
2024-10-17 14:40:50.319 [info] > git cat-file -s b7a33fe3e1dd17f96b91f927eb685c3e60cdafb4 [2ms]
2024-10-17 14:41:05.487 [info] [main] Log level: Info
2024-10-17 14:41:05.487 [info] [main] Validating found git in: "git"
2024-10-17 14:41:05.487 [info] [main] Using git "2.39.5" from "git"
2024-10-17 14:41:05.487 [info] [Model][doInitialScan] Initial repository scan started
2024-10-17 14:41:05.487 [info] > git rev-parse --show-toplevel [3ms]
2024-10-17 14:41:05.487 [info] fatal: not a git repository (or any of the parent directories): .git
2024-10-17 14:41:05.487 [info] > git rev-parse --show-toplevel [1ms]
2024-10-17 14:41:05.487 [info] fatal: not a git repository (or any of the parent directories): .git
2024-10-17 14:41:05.487 [info] [Model][doInitialScan] Initial repository scan completed - repositories (0), closed repositories (0), parent repositories (0), unsafe repositories (0)
2024-10-17 14:41:09.706 [info] > git rev-parse --show-toplevel [1ms]
2024-10-17 14:41:09.706 [info] fatal: not a git repository (or any of the parent directories): .git
2024-10-17 14:41:10.308 [info] > git rev-parse --show-toplevel [1ms]
2024-10-17 14:41:10.308 [info] fatal: not a git repository (or any of the parent directories): .git
2024-10-17 14:50:11.829 [info] > git rev-parse --show-toplevel [1ms]
2024-10-17 14:50:11.829 [info] fatal: not a git repository (or any of the parent directories): .git
2024-10-17 14:50:34.838 [info] > git rev-parse --show-toplevel [2ms]
2024-10-17 14:50:34.838 [info] fatal: not a git repository (or any of the parent directories): .git
