2024-09-05 13:54:51.695 [info] Configuration changed
2024-09-05 13:55:35.263 [info] Configuration changed
2024-09-05 13:55:45.204 [info] Active editor: file:///home/lucky/Documents/projects/c/raylib-quickstart/src/main.c
2024-09-05 13:55:47.354 [info] /home/lucky/Documents/projects/c/raylib-quickstart/src/main.c.git closed
2024-09-05 13:55:47.357 [info] Active editor: file:///home/lucky/Documents/projects/c/raylib-quickstart/src/main.c
2024-09-05 13:55:51.487 [info] /home/lucky/Documents/projects/c/raylib-quickstart/src/main.c.git closed
2024-09-05 13:55:51.983 [info] Active editor: file:///home/lucky/Documents/projects/c/raylib-quickstart/src/main.c
2024-09-05 13:55:52.250 [info] /home/lucky/Documents/projects/c/raylib-quickstart/src/main.c.git closed
2024-09-05 13:55:52.758 [info] Active editor: file:///home/lucky/Documents/projects/c/raylib-quickstart/src/main.c
2024-09-05 13:55:53.425 [info] /home/lucky/Documents/projects/c/raylib-quickstart/src/main.c.git closed
2024-09-05 13:55:53.760 [info] Active editor: file:///home/lucky/Documents/projects/c/raylib-quickstart/src/main.c
2024-09-05 13:56:15.753 [info] /home/lucky/Documents/projects/c/raylib-quickstart/src/main.c closed
2024-09-05 13:56:15.773 [info] /home/lucky/Documents/projects/c/raylib-quickstart/src/main.c.git closed
2024-09-05 13:56:15.791 [info] Active editor: file:///home/lucky/Documents/projects/c/raylib-quickstart/src/main.cpp
2024-09-05 13:56:18.023 [info] /home/lucky/Documents/projects/c/raylib-quickstart/src/main.cpp.git closed
2024-09-05 13:57:25.080 [info] Active editor: file:///home/lucky/Documents/projects/c/raylib-quickstart/src/main.cpp
2024-09-05 13:58:18.818 [info] Executing :w
2024-09-05 13:58:33.502 [info] Executing :w
2024-09-05 13:58:37.664 [info] Executing :w
2024-09-05 13:58:42.602 [info] Executing :w
2024-09-05 13:58:43.719 [info] Executing :w
2024-09-05 13:58:44.186 [info] Executing :w
2024-09-05 13:58:49.376 [info] Executing :w
2024-09-05 13:58:57.685 [info] Executing :w
2024-09-05 13:58:58.635 [info] Executing :w
2024-09-05 13:59:00.614 [info] Executing :w
2024-09-05 13:59:01.628 [info] Executing :w
2024-09-05 13:59:02.111 [info] Executing :w
2024-09-05 13:59:02.552 [info] Executing :w
2024-09-05 13:59:06.861 [info] Executing :w
2024-09-05 13:59:07.347 [info] Executing :w
2024-09-05 13:59:22.610 [info] Executing :w
2024-09-05 13:59:23.577 [info] Executing :w
2024-09-05 13:59:24.038 [info] Executing :w
2024-09-05 13:59:25.141 [info] Executing :w
2024-09-05 13:59:25.601 [info] Executing :w
2024-09-05 13:59:26.062 [info] Executing :w
2024-09-05 13:59:26.604 [info] Executing :w
2024-09-05 13:59:27.114 [info] Executing :w
2024-09-05 13:59:27.620 [info] Executing :w
2024-09-05 13:59:28.131 [info] Executing :w
2024-09-05 13:59:28.602 [info] Executing :w
2024-09-05 13:59:47.174 [info] Executing :w
2024-09-05 13:59:47.670 [info] Executing :w
2024-09-05 13:59:48.121 [info] Executing :w
2024-09-05 13:59:48.585 [info] Executing :w
2024-09-05 13:59:49.036 [info] Executing :w
2024-09-05 13:59:49.536 [info] Executing :w
2024-09-05 13:59:50.027 [info] Executing :w
2024-09-05 13:59:50.817 [info] Executing :w
2024-09-05 13:59:51.333 [info] Executing :w
2024-09-05 13:59:51.823 [info] Executing :w
2024-09-05 13:59:52.335 [info] Executing :w
2024-09-05 13:59:52.800 [info] Executing :w
2024-09-05 13:59:53.361 [info] Executing :w
2024-09-05 13:59:53.812 [info] Executing :w
2024-09-05 13:59:59.010 [info] Executing :w
2024-09-05 14:00:00.028 [info] Executing :w
2024-09-05 14:00:00.478 [info] Executing :
2024-09-05 14:00:01.221 [info] Executing :w
2024-09-05 14:00:09.043 [info] Executing :w
2024-09-05 14:00:09.536 [info] Executing :w
2024-09-05 14:00:19.060 [info] Executing :w
2024-09-05 14:00:20.527 [info] Executing :w
2024-09-05 14:00:21.020 [info] Executing :w
2024-09-05 14:00:21.495 [info] Executing :w
2024-09-05 14:00:23.138 [info] Executing :w
2024-09-05 14:00:23.623 [info] Executing :w
2024-09-05 14:00:24.087 [info] Executing :w
2024-09-05 14:00:30.268 [info] Executing :w
2024-09-05 14:00:31.209 [info] Executing :w
2024-09-05 14:00:31.718 [info] Executing :w
2024-09-05 14:00:32.737 [info] Executing :w
2024-09-05 14:00:34.703 [info] Executing :w
2024-09-05 14:00:35.199 [info] Executing :w
2024-09-05 14:00:35.680 [info] Executing :w
2024-09-05 14:00:39.368 [info] Executing :w
2024-09-05 14:00:44.927 [info] /home/lucky/Documents/projects/c/raylib-quickstart/src/main.cpp.git closed
