2024-10-17 14:51:48.638 [info] Added views:outline in workbench.view.explorer
2024-10-17 14:51:48.638 [info] Added views:workbench.view.search in workbench.view.search
2024-10-17 14:51:48.638 [info] Added views:workbench.scm in workbench.view.scm
2024-10-17 14:51:48.638 [info] Added views:workbench.panel.markers.view in workbench.panel.markers
2024-10-17 14:51:48.638 [info] Added views:workbench.panel.output in workbench.panel.output
2024-10-17 14:51:48.638 [info] Added views:terminal in terminal
2024-10-17 14:51:48.638 [info] Added views:timeline in workbench.view.explorer
2024-10-17 14:51:48.638 [info] Added views:workbench.explorer.fileView in workbench.view.explorer
2024-10-17 14:51:48.722 [info] Added views:workbench.debug.welcome in workbench.view.debug
2024-10-17 14:51:49.160 [info] Added views:workbench.panel.repl.view in workbench.panel.repl
2024-10-17 14:51:49.388 [info] Added views:workbench.view.testing in workbench.view.extension.test
2024-10-17 14:51:49.529 [info] Added views:~remote.forwardedPorts in ~remote.forwardedPortsContainer
2024-10-17 14:51:55.952 [info] Added views:workbench.views.extensions.installed,workbench.views.extensions.popular,extensions.recommendedList in workbench.view.extensions
2024-10-17 14:51:55.985 [info] Removed views:workbench.views.extensions.popular from workbench.view.extensions
2024-10-17 14:52:16.695 [info] Added views:workbench.debug.breakPointsView in workbench.view.debug
2024-10-17 14:52:17.048 [info] Removed views:workbench.debug.welcome from workbench.view.debug
2024-10-17 14:52:17.049 [info] Added views:workbench.debug.variablesView,workbench.debug.watchExpressionsView,workbench.debug.callStackView in workbench.view.debug
2024-10-17 14:52:17.057 [info] Removed views:workbench.debug.callStackView,workbench.debug.watchExpressionsView,workbench.debug.variablesView from workbench.view.debug
2024-10-17 14:52:17.057 [info] Added views:workbench.debug.welcome in workbench.view.debug
2024-10-17 15:11:50.980 [info] Removed views:workbench.view.testing from workbench.view.extension.test
