2024-11-03 22:41:55.053 [info] Added views:outline in workbench.view.explorer
2024-11-03 22:41:55.053 [info] Added views:workbench.view.search in workbench.view.search
2024-11-03 22:41:55.053 [info] Added views:workbench.scm in workbench.view.scm
2024-11-03 22:41:55.053 [info] Added views:workbench.panel.markers.view in workbench.panel.markers
2024-11-03 22:41:55.053 [info] Added views:workbench.panel.output in workbench.panel.output
2024-11-03 22:41:55.053 [info] Added views:terminal in terminal
2024-11-03 22:41:55.053 [info] Added views:timeline in workbench.view.explorer
2024-11-03 22:41:55.053 [info] Added views:workbench.explorer.fileView in workbench.view.explorer
2024-11-03 22:41:55.211 [info] Added views:workbench.debug.welcome in workbench.view.debug
2024-11-03 22:41:55.689 [info] Added views:workbench.panel.repl.view in workbench.panel.repl
2024-11-03 22:41:56.006 [info] Added views:workbench.view.testing in workbench.view.extension.test
2024-11-03 22:41:56.112 [info] Added views:~remote.forwardedPorts in ~remote.forwardedPortsContainer
2024-11-03 22:41:56.124 [info] Added views:workbench.views.extensions.installed,workbench.views.extensions.popular,extensions.recommendedList in workbench.view.extensions
2024-11-03 22:41:56.125 [info] Removed views:workbench.views.extensions.popular from workbench.view.extensions
2024-11-03 22:42:00.806 [info] Removed views:extensions.recommendedList,workbench.views.extensions.installed from workbench.view.extensions
2024-11-03 22:42:00.811 [info] Added views:workbench.views.extensions.marketplace in workbench.view.extensions
2024-11-03 22:42:03.084 [info] Removed views:workbench.views.extensions.marketplace from workbench.view.extensions
2024-11-03 22:42:03.089 [info] Added views:workbench.views.extensions.installed,extensions.recommendedList in workbench.view.extensions
2024-11-03 22:42:04.578 [info] Removed views:extensions.recommendedList,workbench.views.extensions.installed from workbench.view.extensions
2024-11-03 22:42:04.582 [info] Added views:workbench.views.extensions.marketplace in workbench.view.extensions
2024-11-03 22:42:22.845 [info] Removed views:workbench.views.extensions.marketplace from workbench.view.extensions
2024-11-03 22:42:22.851 [info] Added views:workbench.views.extensions.installed,extensions.recommendedList in workbench.view.extensions
2024-11-03 22:42:24.493 [info] Removed views:extensions.recommendedList,workbench.views.extensions.installed from workbench.view.extensions
2024-11-03 22:42:24.497 [info] Added views:workbench.views.extensions.marketplace in workbench.view.extensions
2024-11-03 22:42:28.542 [info] Removed views:workbench.views.extensions.marketplace from workbench.view.extensions
2024-11-03 22:42:28.547 [info] Added views:workbench.views.extensions.installed,extensions.recommendedList in workbench.view.extensions
2024-11-03 22:43:31.085 [info] Added views:jupyterViewVariables in workbench.view.extension.jupyter-variables
2024-11-03 22:43:31.149 [info] Added views:cell-tag in workbench.view.extension.jupyter-variables
2024-11-03 22:49:02.185 [info] Removed views:workbench.view.testing from workbench.view.extension.test
