2024-11-03 22:41:56.331 [info] [main] Log level: Info
2024-11-03 22:41:56.331 [info] [main] Validating found git in: "git"
2024-11-03 22:41:56.331 [info] [main] Using git "2.39.5" from "git"
2024-11-03 22:41:56.331 [info] [Model][doInitialScan] Initial repository scan started
2024-11-03 22:41:56.331 [info] > git rev-parse --show-toplevel [1ms]
2024-11-03 22:41:56.331 [info] fatal: not a git repository (or any of the parent directories): .git
2024-11-03 22:41:56.331 [info] > git rev-parse --show-toplevel [1ms]
2024-11-03 22:41:56.331 [info] fatal: not a git repository (or any of the parent directories): .git
2024-11-03 22:41:56.331 [info] > git rev-parse --show-toplevel [1ms]
2024-11-03 22:41:56.331 [info] fatal: not a git repository (or any of the parent directories): .git
2024-11-03 22:41:56.331 [info] [Model][doInitialScan] Initial repository scan completed - repositories (0), closed repositories (0), parent repositories (0), unsafe repositories (0)
2024-11-03 22:41:56.436 [info] > git rev-parse --show-toplevel [1ms]
2024-11-03 22:41:56.436 [info] fatal: not a git repository (or any of the parent directories): .git
2024-11-03 22:41:57.696 [info] > git rev-parse --show-toplevel [1ms]
2024-11-03 22:41:57.696 [info] fatal: not a git repository (or any of the parent directories): .git
2024-11-03 22:42:28.988 [info] > git rev-parse --show-toplevel [1ms]
2024-11-03 22:42:28.988 [info] fatal: not a git repository (or any of the parent directories): .git
2024-11-03 22:42:37.767 [info] > git rev-parse --show-toplevel [2ms]
2024-11-03 22:42:37.767 [info] fatal: not a git repository (or any of the parent directories): .git
2024-11-03 22:43:31.113 [info] > git rev-parse --show-toplevel [47ms]
2024-11-03 22:43:31.113 [info] fatal: not a git repository (or any of the parent directories): .git
