2024-10-17 14:40:45.841 [info] Started local extension host with pid 40346.
2024-10-17 14:40:48.704 [info] [perf] Render performance baseline is 27ms
2024-10-17 14:41:01.893 [info] Started local extension host with pid 40512.
2024-10-17 14:41:04.492 [info] [perf] Render performance baseline is 27ms
2024-10-17 14:50:12.104 [error] spawn /home/lucky/.vscode-oss/extensions/ms-python.python-2024.16.1-universal/python-env-tools/bin/pet ENOENT: Error: spawn /home/lucky/.vscode-oss/extensions/ms-python.python-2024.16.1-universal/python-env-tools/bin/pet ENOENT
	at ChildProcess._handle.onexit (node:internal/child_process:286:19)
	at onErrorNT (node:internal/child_process:484:16)
	at process.processTicksAndRejections (node:internal/process/task_queues:82:21)
2024-10-17 14:51:00.018 [error] Invalid debug adapter: Error: Invalid debug adapter
    at UFt.getDebugAdapter (vscode-file://vscode-app/usr/share/codium/resources/app/out/vs/workbench/workbench.desktop.main.js:619:136)
    at UFt.$acceptDAExit (vscode-file://vscode-app/usr/share/codium/resources/app/out/vs/workbench/workbench.desktop.main.js:619:35)
    at Glt._doInvokeHandler (vscode-file://vscode-app/usr/share/codium/resources/app/out/vs/workbench/workbench.desktop.main.js:3114:54192)
    at Glt._invokeHandler (vscode-file://vscode-app/usr/share/codium/resources/app/out/vs/workbench/workbench.desktop.main.js:3114:53934)
    at Glt._receiveRequest (vscode-file://vscode-app/usr/share/codium/resources/app/out/vs/workbench/workbench.desktop.main.js:3114:52699)
    at Glt._receiveOneMessage (vscode-file://vscode-app/usr/share/codium/resources/app/out/vs/workbench/workbench.desktop.main.js:3114:51699)
    at MJ.value (vscode-file://vscode-app/usr/share/codium/resources/app/out/vs/workbench/workbench.desktop.main.js:3114:49620)
    at E._deliver (vscode-file://vscode-app/usr/share/codium/resources/app/out/vs/workbench/workbench.desktop.main.js:30:896)
    at E.fire (vscode-file://vscode-app/usr/share/codium/resources/app/out/vs/workbench/workbench.desktop.main.js:30:1216)
    at n5.fire (vscode-file://vscode-app/usr/share/codium/resources/app/out/vs/workbench/workbench.desktop.main.js:634:12054)
    at l.onmessage (vscode-file://vscode-app/usr/share/codium/resources/app/out/vs/workbench/workbench.desktop.main.js:3125:15631)
