2024-10-17 14:40:45.679 [info] Added views:outline in workbench.view.explorer
2024-10-17 14:40:45.679 [info] Added views:workbench.view.search in workbench.view.search
2024-10-17 14:40:45.679 [info] Added views:workbench.scm in workbench.view.scm
2024-10-17 14:40:45.679 [info] Added views:workbench.panel.markers.view in workbench.panel.markers
2024-10-17 14:40:45.679 [info] Added views:workbench.panel.output in workbench.panel.output
2024-10-17 14:40:45.679 [info] Added views:terminal in terminal
2024-10-17 14:40:45.679 [info] Added views:timeline in workbench.view.explorer
2024-10-17 14:40:45.679 [info] Added views:workbench.explorer.fileView in workbench.view.explorer
2024-10-17 14:40:45.861 [info] Added views:workbench.debug.welcome in workbench.view.debug
2024-10-17 14:40:46.267 [info] Added views:workbench.panel.repl.view in workbench.panel.repl
2024-10-17 14:40:46.701 [info] Added views:~remote.forwardedPorts in ~remote.forwardedPortsContainer
2024-10-17 14:40:46.768 [info] Added views:workbench.scm.history in workbench.view.scm
2024-10-17 14:41:01.562 [info] Removed views:workbench.scm.history from workbench.view.scm
2024-10-17 14:41:01.829 [info] Added views:outline in workbench.view.explorer
2024-10-17 14:41:01.829 [info] Added views:workbench.view.search in workbench.view.search
2024-10-17 14:41:01.829 [info] Added views:workbench.scm in workbench.view.scm
2024-10-17 14:41:01.829 [info] Added views:workbench.panel.markers.view in workbench.panel.markers
2024-10-17 14:41:01.829 [info] Added views:workbench.panel.output in workbench.panel.output
2024-10-17 14:41:01.829 [info] Added views:terminal in terminal
2024-10-17 14:41:01.829 [info] Added views:timeline in workbench.view.explorer
2024-10-17 14:41:01.829 [info] Added views:workbench.explorer.fileView in workbench.view.explorer
2024-10-17 14:41:02.117 [info] Added views:workbench.debug.variablesView,workbench.debug.watchExpressionsView,workbench.debug.callStackView,workbench.debug.breakPointsView in workbench.view.debug
2024-10-17 14:41:02.251 [info] Added views:workbench.panel.repl.view in workbench.panel.repl
2024-10-17 14:41:02.252 [info] Removed views:workbench.debug.breakPointsView,workbench.debug.callStackView,workbench.debug.watchExpressionsView,workbench.debug.variablesView from workbench.view.debug
2024-10-17 14:41:02.252 [info] Added views:workbench.debug.welcome in workbench.view.debug
2024-10-17 14:41:02.286 [info] Added views:~remote.forwardedPorts in ~remote.forwardedPortsContainer
2024-10-17 14:49:59.290 [info] Added views:workbench.debug.breakPointsView in workbench.view.debug
2024-10-17 14:50:01.704 [info] Added views:workbench.views.extensions.installed,workbench.views.extensions.popular,extensions.recommendedList in workbench.view.extensions
2024-10-17 14:50:01.706 [info] Removed views:workbench.views.extensions.popular from workbench.view.extensions
2024-10-17 14:50:02.248 [info] Removed views:extensions.recommendedList,workbench.views.extensions.installed from workbench.view.extensions
2024-10-17 14:50:02.259 [info] Added views:workbench.views.extensions.marketplace in workbench.view.extensions
2024-10-17 14:50:12.121 [info] Added views:workbench.view.testing in workbench.view.extension.test
2024-10-17 14:50:59.940 [info] Removed views:workbench.debug.welcome from workbench.view.debug
2024-10-17 14:50:59.955 [info] Added views:workbench.debug.variablesView,workbench.debug.watchExpressionsView,workbench.debug.callStackView in workbench.view.debug
2024-10-17 14:51:00.004 [info] Removed views:workbench.debug.callStackView,workbench.debug.watchExpressionsView,workbench.debug.variablesView from workbench.view.debug
2024-10-17 14:51:00.007 [info] Added views:workbench.debug.welcome in workbench.view.debug
2024-10-17 14:51:45.870 [info] Removed views:workbench.view.testing from workbench.view.extension.test
