2024-10-15 10:16:20.290 [info] Reading sessions from keychain...
2024-10-15 10:16:20.290 [info] Getting sessions for all scopes...
2024-10-15 10:16:20.290 [info] Getting sessions for all scopes...
2024-10-15 10:16:20.297 [info] Getting sessions for read:user,repo,user:email,workflow...
2024-10-15 10:16:20.350 [info] Got stored sessions!
2024-10-15 10:16:20.350 [info] Got 1 verified sessions.
2024-10-15 10:16:20.350 [info] Storing 1 sessions...
2024-10-15 10:16:20.488 [info] Reading sessions from keychain...
2024-10-15 10:16:20.488 [info] Stored 1 sessions!
2024-10-15 10:16:20.488 [info] Got 1 sessions for ...
2024-10-15 10:16:20.488 [info] Got 1 sessions for ...
2024-10-15 10:16:20.488 [info] Got 1 sessions for read:user,repo,user:email,workflow...
2024-10-15 10:16:20.532 [info] Got stored sessions!
2024-10-15 10:16:20.532 [info] Got 1 verified sessions.
2024-10-15 10:16:20.965 [info] Getting sessions for read:user,repo,user:email,workflow...
2024-10-15 10:16:20.965 [info] Got 1 sessions for read:user,repo,user:email,workflow...
2024-10-15 10:16:20.983 [info] Getting sessions for read:user,repo,user:email,workflow...
2024-10-15 10:16:20.983 [info] Got 1 sessions for read:user,repo,user:email,workflow...
2024-10-15 10:16:21.861 [info] Getting sessions for all scopes...
2024-10-15 10:16:21.861 [info] Got 1 sessions for ...
