2024-09-05 13:54:49.910 [info] [main] Log level: Info
2024-09-05 13:54:49.910 [info] [main] Validating found git in: "git"
2024-09-05 13:54:49.910 [info] [main] Using git "2.39.2" from "git"
2024-09-05 13:54:49.910 [info] [Model][doInitialScan] Initial repository scan started
2024-09-05 13:54:49.910 [info] > git rev-parse --show-toplevel [4ms]
2024-09-05 13:54:49.910 [info] > git rev-parse --git-dir --git-common-dir [1ms]
2024-09-05 13:54:49.910 [info] [Model][openRepository] Opened repository: /home/lucky/Documents/projects/c/raylib-quickstart
2024-09-05 13:54:49.915 [info] > git config --get commit.template [2ms]
2024-09-05 13:54:49.933 [info] > git for-each-ref --format=%(refname)%00%(upstream:short)%00%(objectname)%00%(upstream:track)%00%(upstream:remotename)%00%(upstream:remoteref) refs/heads/main refs/remotes/main [12ms]
2024-09-05 13:54:49.933 [info] > git rev-parse --show-toplevel [15ms]
2024-09-05 13:54:49.943 [warning] [Git][revParse] Unable to read file: ENOENT: no such file or directory, open '/home/lucky/Documents/projects/c/raylib-quickstart/.git/refs/remotes/origin/main'
2024-09-05 13:54:49.949 [info] > git rev-parse --show-toplevel [4ms]
2024-09-05 13:54:49.949 [info] > git rev-parse refs/remotes/origin/main [6ms]
2024-09-05 13:54:49.955 [info] > git rev-parse --show-toplevel [1ms]
2024-09-05 13:54:49.959 [info] > git rev-parse --show-toplevel [2ms]
2024-09-05 13:54:49.962 [info] > git rev-parse --show-toplevel [1ms]
2024-09-05 13:54:49.965 [info] > git rev-parse --show-toplevel [1ms]
2024-09-05 13:54:49.965 [info] [Model][doInitialScan] Initial repository scan completed - repositories (1), closed repositories (0), parent repositories (0), unsafe repositories (0)
2024-09-05 13:54:49.974 [info] > git status -z -uall [22ms]
2024-09-05 13:54:49.985 [info] > git for-each-ref --format=%(refname)%00%(upstream:short)%00%(objectname)%00%(upstream:track)%00%(upstream:remotename)%00%(upstream:remoteref) refs/heads/main refs/remotes/main [7ms]
2024-09-05 13:54:49.990 [info] > git config --local branch.main.vscode-merge-base [2ms]
2024-09-05 13:54:49.990 [warning] [Git][config] git config failed: Failed to execute git
2024-09-05 13:54:49.993 [info] > git config --get commit.template [8ms]
2024-09-05 13:54:49.999 [info] > git reflog main --grep-reflog=branch: Created from *. [6ms]
2024-09-05 13:54:50.024 [info] > git symbolic-ref --short refs/remotes/origin/HEAD [23ms]
2024-09-05 13:54:50.027 [info] > git for-each-ref --format=%(refname)%00%(upstream:short)%00%(objectname)%00%(upstream:track)%00%(upstream:remotename)%00%(upstream:remoteref) refs/heads/main refs/remotes/main [28ms]
2024-09-05 13:54:50.031 [warning] [Git][revParse] Unable to read file: ENOENT: no such file or directory, open '/home/lucky/Documents/projects/c/raylib-quickstart/.git/refs/remotes/origin/main'
2024-09-05 13:54:50.032 [info] > git for-each-ref --format=%(refname)%00%(upstream:short)%00%(objectname)%00%(upstream:track)%00%(upstream:remotename)%00%(upstream:remoteref) refs/heads/origin/main refs/remotes/origin/main [6ms]
2024-09-05 13:54:50.035 [info] > git rev-parse refs/remotes/origin/main [4ms]
2024-09-05 13:54:50.038 [info] > git config --local branch.main.vscode-merge-base origin/main [4ms]
2024-09-05 13:54:50.042 [info] > git status -z -uall [5ms] (cancelled)
2024-09-05 13:54:50.043 [info] > git config --get commit.template [1ms]
2024-09-05 13:54:50.046 [info] > git for-each-ref --format=%(refname)%00%(upstream:short)%00%(objectname)%00%(upstream:track)%00%(upstream:remotename)%00%(upstream:remoteref) refs/heads/main refs/remotes/main [1ms]
2024-09-05 13:54:50.049 [warning] [Git][revParse] Unable to read file: ENOENT: no such file or directory, open '/home/lucky/Documents/projects/c/raylib-quickstart/.git/refs/remotes/origin/main'
2024-09-05 13:54:50.049 [info] > git rev-parse refs/remotes/origin/main [1ms]
2024-09-05 13:54:50.143 [info] > git status -z -uall [91ms]
2024-09-05 13:54:50.151 [info] > git merge-base refs/heads/main refs/remotes/origin/main [2ms]
2024-09-05 13:54:50.154 [info] > git for-each-ref --format=%(refname)%00%(upstream:short)%00%(objectname)%00%(upstream:track)%00%(upstream:remotename)%00%(upstream:remoteref) refs/heads/main refs/remotes/main [8ms]
2024-09-05 13:54:50.156 [info] > git rev-list --count --left-right refs/heads/main...refs/remotes/origin/main [2ms]
2024-09-05 13:54:50.159 [info] > git config --local branch.main.vscode-merge-base [3ms]
2024-09-05 13:54:50.162 [info] > git diff --name-status -z --diff-filter=ADMR 17a6eed6bd2fd29b0ebb02f13ea9e474cdeb2802...refs/remotes/origin/main [3ms]
2024-09-05 13:54:50.162 [info] > git for-each-ref --format=%(refname)%00%(upstream:short)%00%(objectname)%00%(upstream:track)%00%(upstream:remotename)%00%(upstream:remoteref) refs/heads/origin/main refs/remotes/origin/main [1ms]
2024-09-05 13:54:50.432 [info] > git check-ignore -v -z --stdin [2ms]
2024-09-05 13:54:51.167 [info] > git config --get commit.template [7ms]
2024-09-05 13:54:51.169 [info] > git for-each-ref --format=%(refname)%00%(upstream:short)%00%(objectname)%00%(upstream:track)%00%(upstream:remotename)%00%(upstream:remoteref) refs/heads/main refs/remotes/main [3ms]
2024-09-05 13:54:51.174 [warning] [Git][revParse] Unable to read file: ENOENT: no such file or directory, open '/home/lucky/Documents/projects/c/raylib-quickstart/.git/refs/remotes/origin/main'
2024-09-05 13:54:51.176 [info] > git rev-parse refs/remotes/origin/main [1ms]
2024-09-05 13:54:51.197 [info] > git status -z -uall [17ms]
2024-09-05 13:54:51.201 [info] > git for-each-ref --format=%(refname)%00%(upstream:short)%00%(objectname)%00%(upstream:track)%00%(upstream:remotename)%00%(upstream:remoteref) refs/heads/main refs/remotes/main [1ms]
2024-09-05 13:54:51.205 [info] > git config --local branch.main.vscode-merge-base [1ms]
2024-09-05 13:54:51.209 [info] > git for-each-ref --format=%(refname)%00%(upstream:short)%00%(objectname)%00%(upstream:track)%00%(upstream:remotename)%00%(upstream:remoteref) refs/heads/origin/main refs/remotes/origin/main [1ms]
2024-09-05 13:55:44.841 [info] > git check-ignore -v -z --stdin [2ms]
2024-09-05 13:55:45.423 [info] > git show --textconv :src/main.c [7ms]
2024-09-05 13:55:45.424 [info] > git ls-files --stage -- /home/lucky/Documents/projects/c/raylib-quickstart/src/main.c [2ms]
2024-09-05 13:55:45.429 [info] > git cat-file -s da69017b1eeddb414a035c4782e2227a43be7568 [1ms]
2024-09-05 13:55:47.583 [info] > git show --textconv :src/main.c [7ms]
2024-09-05 13:55:47.583 [info] > git ls-files --stage -- /home/lucky/Documents/projects/c/raylib-quickstart/src/main.c [1ms]
2024-09-05 13:55:47.588 [info] > git cat-file -s da69017b1eeddb414a035c4782e2227a43be7568 [1ms]
2024-09-05 13:55:52.213 [info] > git show --textconv :src/main.c [5ms]
2024-09-05 13:55:52.213 [info] > git ls-files --stage -- /home/lucky/Documents/projects/c/raylib-quickstart/src/main.c [1ms]
2024-09-05 13:55:52.219 [info] > git cat-file -s da69017b1eeddb414a035c4782e2227a43be7568 [1ms]
2024-09-05 13:55:52.983 [info] > git show --textconv :src/main.c [8ms]
2024-09-05 13:55:52.985 [info] > git ls-files --stage -- /home/lucky/Documents/projects/c/raylib-quickstart/src/main.c [3ms]
2024-09-05 13:55:52.992 [info] > git cat-file -s da69017b1eeddb414a035c4782e2227a43be7568 [1ms]
2024-09-05 13:55:53.984 [info] > git show --textconv :src/main.c [7ms]
2024-09-05 13:55:53.985 [info] > git ls-files --stage -- /home/lucky/Documents/projects/c/raylib-quickstart/src/main.c [1ms]
2024-09-05 13:55:53.991 [info] > git cat-file -s da69017b1eeddb414a035c4782e2227a43be7568 [1ms]
2024-09-05 13:56:16.008 [info] > git show --textconv :src/main.cpp [3ms]
2024-09-05 13:56:16.009 [info] > git ls-files --stage -- /home/lucky/Documents/projects/c/raylib-quickstart/src/main.cpp [1ms]
2024-09-05 13:56:16.294 [info] > git check-ignore -v -z --stdin [2ms]
2024-09-05 13:56:16.853 [info] > git config --get commit.template [8ms]
2024-09-05 13:56:16.854 [info] > git for-each-ref --format=%(refname)%00%(upstream:short)%00%(objectname)%00%(upstream:track)%00%(upstream:remotename)%00%(upstream:remoteref) refs/heads/main refs/remotes/main [3ms]
2024-09-05 13:56:16.860 [warning] [Git][revParse] Unable to read file: ENOENT: no such file or directory, open '/home/lucky/Documents/projects/c/raylib-quickstart/.git/refs/remotes/origin/main'
2024-09-05 13:56:16.861 [info] > git rev-parse refs/remotes/origin/main [1ms]
2024-09-05 13:56:16.886 [info] > git status -z -uall [20ms]
2024-09-05 13:56:16.892 [info] > git for-each-ref --format=%(refname)%00%(upstream:short)%00%(objectname)%00%(upstream:track)%00%(upstream:remotename)%00%(upstream:remoteref) refs/heads/main refs/remotes/main [2ms]
2024-09-05 13:56:16.897 [info] > git config --local branch.main.vscode-merge-base [2ms]
2024-09-05 13:56:16.900 [info] > git for-each-ref --format=%(refname)%00%(upstream:short)%00%(objectname)%00%(upstream:track)%00%(upstream:remotename)%00%(upstream:remoteref) refs/heads/origin/main refs/remotes/origin/main [0ms]
2024-09-05 13:56:28.514 [info] > git config --get commit.template [8ms]
2024-09-05 13:56:28.515 [info] > git for-each-ref --format=%(refname)%00%(upstream:short)%00%(objectname)%00%(upstream:track)%00%(upstream:remotename)%00%(upstream:remoteref) refs/heads/main refs/remotes/main [2ms]
2024-09-05 13:56:28.521 [warning] [Git][revParse] Unable to read file: ENOENT: no such file or directory, open '/home/lucky/Documents/projects/c/raylib-quickstart/.git/refs/remotes/origin/main'
2024-09-05 13:56:28.522 [info] > git rev-parse refs/remotes/origin/main [1ms]
2024-09-05 13:56:28.547 [info] > git status -z -uall [19ms]
2024-09-05 13:56:28.551 [info] > git for-each-ref --format=%(refname)%00%(upstream:short)%00%(objectname)%00%(upstream:track)%00%(upstream:remotename)%00%(upstream:remoteref) refs/heads/main refs/remotes/main [1ms]
2024-09-05 13:56:28.555 [info] > git config --local branch.main.vscode-merge-base [1ms]
2024-09-05 13:56:28.558 [info] > git for-each-ref --format=%(refname)%00%(upstream:short)%00%(objectname)%00%(upstream:track)%00%(upstream:remotename)%00%(upstream:remoteref) refs/heads/origin/main refs/remotes/origin/main [1ms]
2024-09-05 13:56:50.857 [info] > git for-each-ref --format=%(refname)%00%(upstream:short)%00%(objectname)%00%(upstream:track)%00%(upstream:remotename)%00%(upstream:remoteref) refs/heads/main refs/remotes/main [1ms]
2024-09-05 13:56:50.857 [info] > git config --get commit.template [3ms]
2024-09-05 13:56:50.860 [warning] [Git][revParse] Unable to read file: ENOENT: no such file or directory, open '/home/lucky/Documents/projects/c/raylib-quickstart/.git/refs/remotes/origin/main'
2024-09-05 13:56:50.861 [info] > git rev-parse refs/remotes/origin/main [1ms]
2024-09-05 13:56:50.876 [info] > git status -z -uall [13ms]
2024-09-05 13:56:50.881 [info] > git for-each-ref --format=%(refname)%00%(upstream:short)%00%(objectname)%00%(upstream:track)%00%(upstream:remotename)%00%(upstream:remoteref) refs/heads/main refs/remotes/main [1ms]
2024-09-05 13:56:50.885 [info] > git config --local branch.main.vscode-merge-base [1ms]
2024-09-05 13:56:50.889 [info] > git for-each-ref --format=%(refname)%00%(upstream:short)%00%(objectname)%00%(upstream:track)%00%(upstream:remotename)%00%(upstream:remoteref) refs/heads/origin/main refs/remotes/origin/main [1ms]
2024-09-05 13:56:55.899 [info] > git config --get commit.template [8ms]
2024-09-05 13:56:55.900 [info] > git for-each-ref --format=%(refname)%00%(upstream:short)%00%(objectname)%00%(upstream:track)%00%(upstream:remotename)%00%(upstream:remoteref) refs/heads/main refs/remotes/main [2ms]
2024-09-05 13:56:55.907 [warning] [Git][revParse] Unable to read file: ENOENT: no such file or directory, open '/home/lucky/Documents/projects/c/raylib-quickstart/.git/refs/remotes/origin/main'
2024-09-05 13:56:55.908 [info] > git rev-parse refs/remotes/origin/main [1ms]
2024-09-05 13:56:55.935 [info] > git status -z -uall [22ms]
2024-09-05 13:56:55.940 [info] > git for-each-ref --format=%(refname)%00%(upstream:short)%00%(objectname)%00%(upstream:track)%00%(upstream:remotename)%00%(upstream:remoteref) refs/heads/main refs/remotes/main [1ms]
2024-09-05 13:56:55.944 [info] > git config --local branch.main.vscode-merge-base [1ms]
2024-09-05 13:56:55.947 [info] > git for-each-ref --format=%(refname)%00%(upstream:short)%00%(objectname)%00%(upstream:track)%00%(upstream:remotename)%00%(upstream:remoteref) refs/heads/origin/main refs/remotes/origin/main [0ms]
2024-09-05 13:57:00.952 [info] > git config --get commit.template [1ms]
2024-09-05 13:57:00.959 [info] > git for-each-ref --format=%(refname)%00%(upstream:short)%00%(objectname)%00%(upstream:track)%00%(upstream:remotename)%00%(upstream:remoteref) refs/heads/main refs/remotes/main [1ms]
2024-09-05 13:57:00.964 [warning] [Git][revParse] Unable to read file: ENOENT: no such file or directory, open '/home/lucky/Documents/projects/c/raylib-quickstart/.git/refs/remotes/origin/main'
2024-09-05 13:57:00.965 [info] > git rev-parse refs/remotes/origin/main [1ms]
2024-09-05 13:57:00.982 [info] > git status -z -uall [14ms]
2024-09-05 13:57:00.988 [info] > git for-each-ref --format=%(refname)%00%(upstream:short)%00%(objectname)%00%(upstream:track)%00%(upstream:remotename)%00%(upstream:remoteref) refs/heads/main refs/remotes/main [1ms]
2024-09-05 13:57:00.993 [info] > git config --local branch.main.vscode-merge-base [1ms]
2024-09-05 13:57:00.996 [info] > git for-each-ref --format=%(refname)%00%(upstream:short)%00%(objectname)%00%(upstream:track)%00%(upstream:remotename)%00%(upstream:remoteref) refs/heads/origin/main refs/remotes/origin/main [1ms]
2024-09-05 13:57:25.305 [info] > git show --textconv :src/main.cpp [5ms]
2024-09-05 13:57:25.306 [info] > git ls-files --stage -- /home/lucky/Documents/projects/c/raylib-quickstart/src/main.cpp [1ms]
2024-09-05 13:58:34.603 [info] > git config --get commit.template [8ms]
2024-09-05 13:58:34.604 [info] > git for-each-ref --format=%(refname)%00%(upstream:short)%00%(objectname)%00%(upstream:track)%00%(upstream:remotename)%00%(upstream:remoteref) refs/heads/main refs/remotes/main [2ms]
2024-09-05 13:58:34.611 [warning] [Git][revParse] Unable to read file: ENOENT: no such file or directory, open '/home/lucky/Documents/projects/c/raylib-quickstart/.git/refs/remotes/origin/main'
2024-09-05 13:58:34.612 [info] > git rev-parse refs/remotes/origin/main [1ms]
2024-09-05 13:58:34.638 [info] > git status -z -uall [20ms]
2024-09-05 13:58:34.644 [info] > git for-each-ref --format=%(refname)%00%(upstream:short)%00%(objectname)%00%(upstream:track)%00%(upstream:remotename)%00%(upstream:remoteref) refs/heads/main refs/remotes/main [3ms]
2024-09-05 13:58:34.648 [info] > git config --local branch.main.vscode-merge-base [1ms]
2024-09-05 13:58:34.652 [info] > git for-each-ref --format=%(refname)%00%(upstream:short)%00%(objectname)%00%(upstream:track)%00%(upstream:remotename)%00%(upstream:remoteref) refs/heads/origin/main refs/remotes/origin/main [1ms]
2024-09-05 13:58:39.654 [info] > git config --get commit.template [5ms]
2024-09-05 13:58:39.655 [info] > git for-each-ref --format=%(refname)%00%(upstream:short)%00%(objectname)%00%(upstream:track)%00%(upstream:remotename)%00%(upstream:remoteref) refs/heads/main refs/remotes/main [2ms]
2024-09-05 13:58:39.661 [warning] [Git][revParse] Unable to read file: ENOENT: no such file or directory, open '/home/lucky/Documents/projects/c/raylib-quickstart/.git/refs/remotes/origin/main'
2024-09-05 13:58:39.663 [info] > git rev-parse refs/remotes/origin/main [2ms]
2024-09-05 13:58:39.689 [info] > git status -z -uall [20ms]
2024-09-05 13:58:39.693 [info] > git for-each-ref --format=%(refname)%00%(upstream:short)%00%(objectname)%00%(upstream:track)%00%(upstream:remotename)%00%(upstream:remoteref) refs/heads/main refs/remotes/main [1ms]
2024-09-05 13:58:39.697 [info] > git config --local branch.main.vscode-merge-base [1ms]
2024-09-05 13:58:39.700 [info] > git for-each-ref --format=%(refname)%00%(upstream:short)%00%(objectname)%00%(upstream:track)%00%(upstream:remotename)%00%(upstream:remoteref) refs/heads/origin/main refs/remotes/origin/main [0ms]
2024-09-05 13:58:44.705 [info] > git config --get commit.template [5ms]
2024-09-05 13:58:44.707 [info] > git for-each-ref --format=%(refname)%00%(upstream:short)%00%(objectname)%00%(upstream:track)%00%(upstream:remotename)%00%(upstream:remoteref) refs/heads/main refs/remotes/main [2ms]
2024-09-05 13:58:44.714 [warning] [Git][revParse] Unable to read file: ENOENT: no such file or directory, open '/home/lucky/Documents/projects/c/raylib-quickstart/.git/refs/remotes/origin/main'
2024-09-05 13:58:44.715 [info] > git rev-parse refs/remotes/origin/main [2ms]
2024-09-05 13:58:44.740 [info] > git status -z -uall [20ms]
2024-09-05 13:58:44.744 [info] > git for-each-ref --format=%(refname)%00%(upstream:short)%00%(objectname)%00%(upstream:track)%00%(upstream:remotename)%00%(upstream:remoteref) refs/heads/main refs/remotes/main [1ms]
2024-09-05 13:58:44.748 [info] > git config --local branch.main.vscode-merge-base [1ms]
2024-09-05 13:58:44.752 [info] > git for-each-ref --format=%(refname)%00%(upstream:short)%00%(objectname)%00%(upstream:track)%00%(upstream:remotename)%00%(upstream:remoteref) refs/heads/origin/main refs/remotes/origin/main [1ms]
2024-09-05 13:58:50.483 [info] > git config --get commit.template [7ms]
2024-09-05 13:58:50.485 [info] > git for-each-ref --format=%(refname)%00%(upstream:short)%00%(objectname)%00%(upstream:track)%00%(upstream:remotename)%00%(upstream:remoteref) refs/heads/main refs/remotes/main [2ms]
2024-09-05 13:58:50.492 [warning] [Git][revParse] Unable to read file: ENOENT: no such file or directory, open '/home/lucky/Documents/projects/c/raylib-quickstart/.git/refs/remotes/origin/main'
2024-09-05 13:58:50.494 [info] > git rev-parse refs/remotes/origin/main [2ms]
2024-09-05 13:58:50.524 [info] > git status -z -uall [23ms]
2024-09-05 13:58:50.529 [info] > git for-each-ref --format=%(refname)%00%(upstream:short)%00%(objectname)%00%(upstream:track)%00%(upstream:remotename)%00%(upstream:remoteref) refs/heads/main refs/remotes/main [1ms]
2024-09-05 13:58:50.533 [info] > git config --local branch.main.vscode-merge-base [1ms]
2024-09-05 13:58:50.536 [info] > git for-each-ref --format=%(refname)%00%(upstream:short)%00%(objectname)%00%(upstream:track)%00%(upstream:remotename)%00%(upstream:remoteref) refs/heads/origin/main refs/remotes/origin/main [0ms]
2024-09-05 13:58:58.787 [info] > git config --get commit.template [8ms]
2024-09-05 13:58:58.788 [info] > git for-each-ref --format=%(refname)%00%(upstream:short)%00%(objectname)%00%(upstream:track)%00%(upstream:remotename)%00%(upstream:remoteref) refs/heads/main refs/remotes/main [2ms]
2024-09-05 13:58:58.794 [warning] [Git][revParse] Unable to read file: ENOENT: no such file or directory, open '/home/lucky/Documents/projects/c/raylib-quickstart/.git/refs/remotes/origin/main'
2024-09-05 13:58:58.795 [info] > git rev-parse refs/remotes/origin/main [1ms]
2024-09-05 13:58:58.819 [info] > git status -z -uall [19ms]
2024-09-05 13:58:58.823 [info] > git for-each-ref --format=%(refname)%00%(upstream:short)%00%(objectname)%00%(upstream:track)%00%(upstream:remotename)%00%(upstream:remoteref) refs/heads/main refs/remotes/main [1ms]
2024-09-05 13:58:58.827 [info] > git config --local branch.main.vscode-merge-base [1ms]
2024-09-05 13:58:58.830 [info] > git for-each-ref --format=%(refname)%00%(upstream:short)%00%(objectname)%00%(upstream:track)%00%(upstream:remotename)%00%(upstream:remoteref) refs/heads/origin/main refs/remotes/origin/main [0ms]
2024-09-05 13:59:03.834 [info] > git config --get commit.template [2ms]
2024-09-05 13:59:03.841 [info] > git for-each-ref --format=%(refname)%00%(upstream:short)%00%(objectname)%00%(upstream:track)%00%(upstream:remotename)%00%(upstream:remoteref) refs/heads/main refs/remotes/main [1ms]
2024-09-05 13:59:03.845 [warning] [Git][revParse] Unable to read file: ENOENT: no such file or directory, open '/home/lucky/Documents/projects/c/raylib-quickstart/.git/refs/remotes/origin/main'
2024-09-05 13:59:03.847 [info] > git rev-parse refs/remotes/origin/main [2ms]
2024-09-05 13:59:03.866 [info] > git status -z -uall [16ms]
2024-09-05 13:59:03.871 [info] > git for-each-ref --format=%(refname)%00%(upstream:short)%00%(objectname)%00%(upstream:track)%00%(upstream:remotename)%00%(upstream:remoteref) refs/heads/main refs/remotes/main [1ms]
2024-09-05 13:59:03.874 [info] > git config --local branch.main.vscode-merge-base [0ms]
2024-09-05 13:59:03.878 [info] > git for-each-ref --format=%(refname)%00%(upstream:short)%00%(objectname)%00%(upstream:track)%00%(upstream:remotename)%00%(upstream:remoteref) refs/heads/origin/main refs/remotes/origin/main [0ms]
2024-09-05 13:59:08.891 [info] > git config --get commit.template [10ms]
2024-09-05 13:59:08.891 [info] > git for-each-ref --format=%(refname)%00%(upstream:short)%00%(objectname)%00%(upstream:track)%00%(upstream:remotename)%00%(upstream:remoteref) refs/heads/main refs/remotes/main [2ms]
2024-09-05 13:59:08.895 [warning] [Git][revParse] Unable to read file: ENOENT: no such file or directory, open '/home/lucky/Documents/projects/c/raylib-quickstart/.git/refs/remotes/origin/main'
2024-09-05 13:59:08.896 [info] > git rev-parse refs/remotes/origin/main [1ms]
2024-09-05 13:59:08.915 [info] > git status -z -uall [15ms]
2024-09-05 13:59:08.921 [info] > git for-each-ref --format=%(refname)%00%(upstream:short)%00%(objectname)%00%(upstream:track)%00%(upstream:remotename)%00%(upstream:remoteref) refs/heads/main refs/remotes/main [1ms]
2024-09-05 13:59:08.925 [info] > git config --local branch.main.vscode-merge-base [1ms]
2024-09-05 13:59:08.929 [info] > git for-each-ref --format=%(refname)%00%(upstream:short)%00%(objectname)%00%(upstream:track)%00%(upstream:remotename)%00%(upstream:remoteref) refs/heads/origin/main refs/remotes/origin/main [1ms]
2024-09-05 13:59:23.720 [info] > git config --get commit.template [7ms]
2024-09-05 13:59:23.721 [info] > git for-each-ref --format=%(refname)%00%(upstream:short)%00%(objectname)%00%(upstream:track)%00%(upstream:remotename)%00%(upstream:remoteref) refs/heads/main refs/remotes/main [2ms]
2024-09-05 13:59:23.727 [warning] [Git][revParse] Unable to read file: ENOENT: no such file or directory, open '/home/lucky/Documents/projects/c/raylib-quickstart/.git/refs/remotes/origin/main'
2024-09-05 13:59:23.729 [info] > git rev-parse refs/remotes/origin/main [2ms]
2024-09-05 13:59:23.758 [info] > git status -z -uall [22ms]
2024-09-05 13:59:23.763 [info] > git for-each-ref --format=%(refname)%00%(upstream:short)%00%(objectname)%00%(upstream:track)%00%(upstream:remotename)%00%(upstream:remoteref) refs/heads/main refs/remotes/main [1ms]
2024-09-05 13:59:23.766 [info] > git config --local branch.main.vscode-merge-base [1ms]
2024-09-05 13:59:23.770 [info] > git for-each-ref --format=%(refname)%00%(upstream:short)%00%(objectname)%00%(upstream:track)%00%(upstream:remotename)%00%(upstream:remoteref) refs/heads/origin/main refs/remotes/origin/main [1ms]
2024-09-05 13:59:28.781 [info] > git config --get commit.template [9ms]
2024-09-05 13:59:28.783 [info] > git for-each-ref --format=%(refname)%00%(upstream:short)%00%(objectname)%00%(upstream:track)%00%(upstream:remotename)%00%(upstream:remoteref) refs/heads/main refs/remotes/main [3ms]
2024-09-05 13:59:28.789 [warning] [Git][revParse] Unable to read file: ENOENT: no such file or directory, open '/home/lucky/Documents/projects/c/raylib-quickstart/.git/refs/remotes/origin/main'
2024-09-05 13:59:28.790 [info] > git rev-parse refs/remotes/origin/main [2ms]
2024-09-05 13:59:28.811 [info] > git status -z -uall [18ms]
2024-09-05 13:59:28.815 [info] > git for-each-ref --format=%(refname)%00%(upstream:short)%00%(objectname)%00%(upstream:track)%00%(upstream:remotename)%00%(upstream:remoteref) refs/heads/main refs/remotes/main [1ms]
2024-09-05 13:59:28.819 [info] > git config --local branch.main.vscode-merge-base [0ms]
2024-09-05 13:59:28.823 [info] > git for-each-ref --format=%(refname)%00%(upstream:short)%00%(objectname)%00%(upstream:track)%00%(upstream:remotename)%00%(upstream:remoteref) refs/heads/origin/main refs/remotes/origin/main [1ms]
2024-09-05 13:59:48.282 [info] > git config --get commit.template [8ms]
2024-09-05 13:59:48.283 [info] > git for-each-ref --format=%(refname)%00%(upstream:short)%00%(objectname)%00%(upstream:track)%00%(upstream:remotename)%00%(upstream:remoteref) refs/heads/main refs/remotes/main [2ms]
2024-09-05 13:59:48.290 [warning] [Git][revParse] Unable to read file: ENOENT: no such file or directory, open '/home/lucky/Documents/projects/c/raylib-quickstart/.git/refs/remotes/origin/main'
2024-09-05 13:59:48.291 [info] > git rev-parse refs/remotes/origin/main [1ms]
2024-09-05 13:59:48.319 [info] > git status -z -uall [21ms]
2024-09-05 13:59:48.323 [info] > git for-each-ref --format=%(refname)%00%(upstream:short)%00%(objectname)%00%(upstream:track)%00%(upstream:remotename)%00%(upstream:remoteref) refs/heads/main refs/remotes/main [1ms]
2024-09-05 13:59:48.327 [info] > git config --local branch.main.vscode-merge-base [1ms]
2024-09-05 13:59:48.330 [info] > git for-each-ref --format=%(refname)%00%(upstream:short)%00%(objectname)%00%(upstream:track)%00%(upstream:remotename)%00%(upstream:remoteref) refs/heads/origin/main refs/remotes/origin/main [1ms]
2024-09-05 14:00:00.120 [info] > git config --get commit.template [8ms]
2024-09-05 14:00:00.121 [info] > git for-each-ref --format=%(refname)%00%(upstream:short)%00%(objectname)%00%(upstream:track)%00%(upstream:remotename)%00%(upstream:remoteref) refs/heads/main refs/remotes/main [2ms]
2024-09-05 14:00:00.128 [warning] [Git][revParse] Unable to read file: ENOENT: no such file or directory, open '/home/lucky/Documents/projects/c/raylib-quickstart/.git/refs/remotes/origin/main'
2024-09-05 14:00:00.129 [info] > git rev-parse refs/remotes/origin/main [1ms]
2024-09-05 14:00:00.155 [info] > git status -z -uall [19ms]
2024-09-05 14:00:00.159 [info] > git for-each-ref --format=%(refname)%00%(upstream:short)%00%(objectname)%00%(upstream:track)%00%(upstream:remotename)%00%(upstream:remoteref) refs/heads/main refs/remotes/main [1ms]
2024-09-05 14:00:00.162 [info] > git config --local branch.main.vscode-merge-base [0ms]
2024-09-05 14:00:00.165 [info] > git for-each-ref --format=%(refname)%00%(upstream:short)%00%(objectname)%00%(upstream:track)%00%(upstream:remotename)%00%(upstream:remoteref) refs/heads/origin/main refs/remotes/origin/main [0ms]
2024-09-05 14:00:10.151 [info] > git config --get commit.template [7ms]
2024-09-05 14:00:10.153 [info] > git for-each-ref --format=%(refname)%00%(upstream:short)%00%(objectname)%00%(upstream:track)%00%(upstream:remotename)%00%(upstream:remoteref) refs/heads/main refs/remotes/main [2ms]
2024-09-05 14:00:10.159 [warning] [Git][revParse] Unable to read file: ENOENT: no such file or directory, open '/home/lucky/Documents/projects/c/raylib-quickstart/.git/refs/remotes/origin/main'
2024-09-05 14:00:10.160 [info] > git rev-parse refs/remotes/origin/main [1ms]
2024-09-05 14:00:10.177 [info] > git status -z -uall [14ms]
2024-09-05 14:00:10.181 [info] > git for-each-ref --format=%(refname)%00%(upstream:short)%00%(objectname)%00%(upstream:track)%00%(upstream:remotename)%00%(upstream:remoteref) refs/heads/main refs/remotes/main [1ms]
2024-09-05 14:00:10.185 [info] > git config --local branch.main.vscode-merge-base [1ms]
2024-09-05 14:00:10.188 [info] > git for-each-ref --format=%(refname)%00%(upstream:short)%00%(objectname)%00%(upstream:track)%00%(upstream:remotename)%00%(upstream:remoteref) refs/heads/origin/main refs/remotes/origin/main [1ms]
2024-09-05 14:00:20.167 [info] > git config --get commit.template [10ms]
2024-09-05 14:00:20.169 [info] > git for-each-ref --format=%(refname)%00%(upstream:short)%00%(objectname)%00%(upstream:track)%00%(upstream:remotename)%00%(upstream:remoteref) refs/heads/main refs/remotes/main [3ms]
2024-09-05 14:00:20.174 [warning] [Git][revParse] Unable to read file: ENOENT: no such file or directory, open '/home/lucky/Documents/projects/c/raylib-quickstart/.git/refs/remotes/origin/main'
2024-09-05 14:00:20.175 [info] > git rev-parse refs/remotes/origin/main [1ms]
2024-09-05 14:00:20.195 [info] > git status -z -uall [17ms]
2024-09-05 14:00:20.200 [info] > git for-each-ref --format=%(refname)%00%(upstream:short)%00%(objectname)%00%(upstream:track)%00%(upstream:remotename)%00%(upstream:remoteref) refs/heads/main refs/remotes/main [1ms]
2024-09-05 14:00:20.204 [info] > git config --local branch.main.vscode-merge-base [1ms]
2024-09-05 14:00:20.207 [info] > git for-each-ref --format=%(refname)%00%(upstream:short)%00%(objectname)%00%(upstream:track)%00%(upstream:remotename)%00%(upstream:remoteref) refs/heads/origin/main refs/remotes/origin/main [1ms]
2024-09-05 14:00:25.217 [info] > git config --get commit.template [8ms]
2024-09-05 14:00:25.218 [info] > git for-each-ref --format=%(refname)%00%(upstream:short)%00%(objectname)%00%(upstream:track)%00%(upstream:remotename)%00%(upstream:remoteref) refs/heads/main refs/remotes/main [2ms]
2024-09-05 14:00:25.224 [warning] [Git][revParse] Unable to read file: ENOENT: no such file or directory, open '/home/lucky/Documents/projects/c/raylib-quickstart/.git/refs/remotes/origin/main'
2024-09-05 14:00:25.225 [info] > git rev-parse refs/remotes/origin/main [1ms]
2024-09-05 14:00:25.252 [info] > git status -z -uall [21ms]
2024-09-05 14:00:25.256 [info] > git for-each-ref --format=%(refname)%00%(upstream:short)%00%(objectname)%00%(upstream:track)%00%(upstream:remotename)%00%(upstream:remoteref) refs/heads/main refs/remotes/main [1ms]
2024-09-05 14:00:25.260 [info] > git config --local branch.main.vscode-merge-base [1ms]
2024-09-05 14:00:25.263 [info] > git for-each-ref --format=%(refname)%00%(upstream:short)%00%(objectname)%00%(upstream:track)%00%(upstream:remotename)%00%(upstream:remoteref) refs/heads/origin/main refs/remotes/origin/main [1ms]
2024-09-05 14:00:32.306 [info] > git config --get commit.template [4ms]
2024-09-05 14:00:32.307 [info] > git for-each-ref --format=%(refname)%00%(upstream:short)%00%(objectname)%00%(upstream:track)%00%(upstream:remotename)%00%(upstream:remoteref) refs/heads/main refs/remotes/main [2ms]
2024-09-05 14:00:32.315 [warning] [Git][revParse] Unable to read file: ENOENT: no such file or directory, open '/home/lucky/Documents/projects/c/raylib-quickstart/.git/refs/remotes/origin/main'
2024-09-05 14:00:32.316 [info] > git rev-parse refs/remotes/origin/main [1ms]
2024-09-05 14:00:32.346 [info] > git status -z -uall [24ms]
2024-09-05 14:00:32.350 [info] > git for-each-ref --format=%(refname)%00%(upstream:short)%00%(objectname)%00%(upstream:track)%00%(upstream:remotename)%00%(upstream:remoteref) refs/heads/main refs/remotes/main [0ms]
2024-09-05 14:00:32.354 [info] > git config --local branch.main.vscode-merge-base [1ms]
2024-09-05 14:00:32.358 [info] > git for-each-ref --format=%(refname)%00%(upstream:short)%00%(objectname)%00%(upstream:track)%00%(upstream:remotename)%00%(upstream:remoteref) refs/heads/origin/main refs/remotes/origin/main [0ms]
2024-09-05 14:00:37.366 [info] > git config --get commit.template [7ms]
2024-09-05 14:00:37.367 [info] > git for-each-ref --format=%(refname)%00%(upstream:short)%00%(objectname)%00%(upstream:track)%00%(upstream:remotename)%00%(upstream:remoteref) refs/heads/main refs/remotes/main [2ms]
2024-09-05 14:00:37.373 [warning] [Git][revParse] Unable to read file: ENOENT: no such file or directory, open '/home/lucky/Documents/projects/c/raylib-quickstart/.git/refs/remotes/origin/main'
2024-09-05 14:00:37.374 [info] > git rev-parse refs/remotes/origin/main [0ms]
2024-09-05 14:00:37.397 [info] > git status -z -uall [18ms]
2024-09-05 14:00:37.402 [info] > git for-each-ref --format=%(refname)%00%(upstream:short)%00%(objectname)%00%(upstream:track)%00%(upstream:remotename)%00%(upstream:remoteref) refs/heads/main refs/remotes/main [1ms]
2024-09-05 14:00:37.407 [info] > git config --local branch.main.vscode-merge-base [0ms]
2024-09-05 14:00:37.411 [info] > git for-each-ref --format=%(refname)%00%(upstream:short)%00%(objectname)%00%(upstream:track)%00%(upstream:remotename)%00%(upstream:remoteref) refs/heads/origin/main refs/remotes/origin/main [1ms]
2024-09-05 14:00:51.843 [info] > git config --get commit.template [1ms]
2024-09-05 14:00:51.847 [info] > git for-each-ref --format=%(refname)%00%(upstream:short)%00%(objectname)%00%(upstream:track)%00%(upstream:remotename)%00%(upstream:remoteref) refs/heads/main refs/remotes/main [1ms]
2024-09-05 14:00:51.851 [warning] [Git][revParse] Unable to read file: ENOENT: no such file or directory, open '/home/lucky/Documents/projects/c/raylib-quickstart/.git/refs/remotes/origin/main'
2024-09-05 14:00:51.852 [info] > git rev-parse refs/remotes/origin/main [1ms]
2024-09-05 14:00:51.868 [info] > git status -z -uall [13ms]
2024-09-05 14:00:51.874 [info] > git for-each-ref --format=%(refname)%00%(upstream:short)%00%(objectname)%00%(upstream:track)%00%(upstream:remotename)%00%(upstream:remoteref) refs/heads/main refs/remotes/main [1ms]
2024-09-05 14:00:51.880 [info] > git config --local branch.main.vscode-merge-base [1ms]
2024-09-05 14:00:51.884 [info] > git for-each-ref --format=%(refname)%00%(upstream:short)%00%(objectname)%00%(upstream:track)%00%(upstream:remotename)%00%(upstream:remoteref) refs/heads/origin/main refs/remotes/origin/main [0ms]
2024-09-05 14:00:56.902 [info] > git config --get commit.template [4ms]
2024-09-05 14:00:56.903 [info] > git for-each-ref --format=%(refname)%00%(upstream:short)%00%(objectname)%00%(upstream:track)%00%(upstream:remotename)%00%(upstream:remoteref) refs/heads/main refs/remotes/main [0ms]
2024-09-05 14:00:56.906 [warning] [Git][revParse] Unable to read file: ENOENT: no such file or directory, open '/home/lucky/Documents/projects/c/raylib-quickstart/.git/refs/remotes/origin/main'
2024-09-05 14:00:56.906 [info] > git rev-parse refs/remotes/origin/main [0ms]
2024-09-05 14:00:56.923 [info] > git status -z -uall [14ms]
2024-09-05 14:00:56.929 [info] > git for-each-ref --format=%(refname)%00%(upstream:short)%00%(objectname)%00%(upstream:track)%00%(upstream:remotename)%00%(upstream:remoteref) refs/heads/main refs/remotes/main [1ms]
2024-09-05 14:00:56.934 [info] > git config --local branch.main.vscode-merge-base [1ms]
2024-09-05 14:00:56.938 [info] > git for-each-ref --format=%(refname)%00%(upstream:short)%00%(objectname)%00%(upstream:track)%00%(upstream:remotename)%00%(upstream:remoteref) refs/heads/origin/main refs/remotes/origin/main [1ms]
2024-09-05 14:01:01.944 [info] > git config --get commit.template [4ms]
2024-09-05 14:01:01.945 [info] > git for-each-ref --format=%(refname)%00%(upstream:short)%00%(objectname)%00%(upstream:track)%00%(upstream:remotename)%00%(upstream:remoteref) refs/heads/main refs/remotes/main [2ms]
2024-09-05 14:01:01.952 [warning] [Git][revParse] Unable to read file: ENOENT: no such file or directory, open '/home/lucky/Documents/projects/c/raylib-quickstart/.git/refs/remotes/origin/main'
2024-09-05 14:01:01.954 [info] > git rev-parse refs/remotes/origin/main [2ms]
2024-09-05 14:01:01.980 [info] > git status -z -uall [20ms]
2024-09-05 14:01:01.984 [info] > git for-each-ref --format=%(refname)%00%(upstream:short)%00%(objectname)%00%(upstream:track)%00%(upstream:remotename)%00%(upstream:remoteref) refs/heads/main refs/remotes/main [1ms]
2024-09-05 14:01:01.987 [info] > git config --local branch.main.vscode-merge-base [1ms]
2024-09-05 14:01:01.991 [info] > git for-each-ref --format=%(refname)%00%(upstream:short)%00%(objectname)%00%(upstream:track)%00%(upstream:remotename)%00%(upstream:remoteref) refs/heads/origin/main refs/remotes/origin/main [1ms]
