2024-09-05 15:30:10.394 [info] [main] Log level: Info
2024-09-05 15:30:10.394 [info] [main] Validating found git in: "git"
2024-09-05 15:30:10.394 [info] [main] Using git "2.39.2" from "git"
2024-09-05 15:30:10.394 [info] [Model][doInitialScan] Initial repository scan started
2024-09-05 15:30:10.394 [info] > git rev-parse --show-toplevel [3ms]
2024-09-05 15:30:10.394 [info] fatal: not a git repository (or any of the parent directories): .git
2024-09-05 15:30:10.394 [info] > git rev-parse --show-toplevel [12ms]
2024-09-05 15:30:10.394 [info] fatal: not a git repository (or any of the parent directories): .git
2024-09-05 15:30:10.395 [info] > git rev-parse --show-toplevel [1ms]
2024-09-05 15:30:10.395 [info] fatal: not a git repository (or any of the parent directories): .git
2024-09-05 15:30:10.395 [info] [Model][doInitialScan] Initial repository scan completed - repositories (0), closed repositories (0), parent repositories (0), unsafe repositories (0)
2024-09-05 15:30:10.398 [info] > git rev-parse --show-toplevel [1ms]
2024-09-05 15:30:10.398 [info] fatal: not a git repository (or any of the parent directories): .git
2024-09-05 15:30:10.402 [info] > git rev-parse --show-toplevel [1ms]
2024-09-05 15:30:10.402 [info] fatal: not a git repository (or any of the parent directories): .git
2024-09-05 15:30:12.379 [info] > git rev-parse --show-toplevel [1ms]
2024-09-05 15:30:12.379 [info] fatal: not a git repository (or any of the parent directories): .git
2024-09-05 15:30:21.850 [info] > git rev-parse --show-toplevel [1ms]
2024-09-05 15:30:21.850 [info] fatal: not a git repository (or any of the parent directories): .git
2024-09-05 15:30:44.543 [info] > git rev-parse --show-toplevel [1ms]
2024-09-05 15:30:44.544 [info] fatal: not a git repository (or any of the parent directories): .git
2024-09-05 15:52:24.675 [info] > git rev-parse --show-toplevel [1ms]
2024-09-05 15:52:24.675 [info] fatal: not a git repository (or any of the parent directories): .git
2024-09-05 15:53:22.638 [info] > git rev-parse --show-toplevel [1ms]
2024-09-05 15:53:22.638 [info] fatal: not a git repository (or any of the parent directories): .git
2024-09-05 15:54:14.506 [info] > git rev-parse --show-toplevel [0ms]
2024-09-05 15:54:14.506 [info] fatal: not a git repository (or any of the parent directories): .git
2024-09-05 15:55:46.824 [info] > git rev-parse --show-toplevel [1ms]
2024-09-05 15:55:46.824 [info] fatal: not a git repository (or any of the parent directories): .git
2024-09-05 15:56:07.142 [info] > git rev-parse --show-toplevel [1ms]
2024-09-05 15:56:07.143 [info] fatal: not a git repository (or any of the parent directories): .git
2024-09-05 15:56:10.469 [info] > git rev-parse --show-toplevel [1ms]
2024-09-05 15:56:10.469 [info] fatal: not a git repository (or any of the parent directories): .git
2024-09-05 15:57:09.100 [info] > git rev-parse --show-toplevel [1ms]
2024-09-05 15:57:09.100 [info] fatal: not a git repository (or any of the parent directories): .git
2024-09-05 15:57:10.520 [info] > git rev-parse --show-toplevel [1ms]
2024-09-05 15:57:10.520 [info] fatal: not a git repository (or any of the parent directories): .git
2024-09-05 15:57:52.941 [info] > git rev-parse --show-toplevel [1ms]
2024-09-05 15:57:52.941 [info] fatal: not a git repository (or any of the parent directories): .git
2024-09-05 15:59:39.648 [info] > git rev-parse --show-toplevel [0ms]
2024-09-05 15:59:39.680 [info] fatal: not a git repository (or any of the parent directories): .git
2024-09-05 16:00:34.817 [info] > git rev-parse --show-toplevel [2ms]
2024-09-05 16:00:34.817 [info] fatal: not a git repository (or any of the parent directories): .git
2024-09-05 16:00:35.215 [info] > git rev-parse --show-toplevel [1ms]
2024-09-05 16:00:35.215 [info] fatal: not a git repository (or any of the parent directories): .git
2024-09-05 16:01:05.883 [info] > git rev-parse --show-toplevel [1ms]
2024-09-05 16:01:05.883 [info] fatal: not a git repository (or any of the parent directories): .git
2024-09-05 16:01:23.141 [info] > git rev-parse --show-toplevel [1ms]
2024-09-05 16:01:23.141 [info] fatal: not a git repository (or any of the parent directories): .git
2024-09-05 16:01:52.250 [info] > git rev-parse --show-toplevel [1ms]
2024-09-05 16:01:52.250 [info] fatal: not a git repository (or any of the parent directories): .git
2024-09-05 16:05:19.517 [info] > git rev-parse --show-toplevel [1ms]
2024-09-05 16:05:19.517 [info] fatal: not a git repository (or any of the parent directories): .git
2024-09-05 16:05:20.266 [info] > git rev-parse --show-toplevel [1ms]
2024-09-05 16:05:20.266 [info] fatal: not a git repository (or any of the parent directories): .git
2024-09-05 16:10:47.689 [info] > git rev-parse --show-toplevel [0ms]
2024-09-05 16:10:47.689 [info] fatal: not a git repository (or any of the parent directories): .git
2024-09-05 16:10:51.508 [info] > git rev-parse --show-toplevel [1ms]
2024-09-05 16:10:51.508 [info] fatal: not a git repository (or any of the parent directories): .git
2024-09-05 16:11:20.597 [info] > git rev-parse --show-toplevel [1ms]
2024-09-05 16:11:20.597 [info] fatal: not a git repository (or any of the parent directories): .git
2024-09-05 16:11:33.263 [info] > git rev-parse --show-toplevel [1ms]
2024-09-05 16:11:33.263 [info] fatal: not a git repository (or any of the parent directories): .git
2024-09-05 16:12:07.350 [info] > git rev-parse --show-toplevel [0ms]
2024-09-05 16:12:07.350 [info] fatal: not a git repository (or any of the parent directories): .git
2024-09-05 16:12:28.067 [info] > git rev-parse --show-toplevel [1ms]
2024-09-05 16:12:28.067 [info] fatal: not a git repository (or any of the parent directories): .git
2024-09-05 16:13:23.515 [info] > git rev-parse --show-toplevel [0ms]
2024-09-05 16:13:23.516 [info] fatal: not a git repository (or any of the parent directories): .git
2024-09-05 16:13:38.842 [info] > git rev-parse --show-toplevel [1ms]
2024-09-05 16:13:38.842 [info] fatal: not a git repository (or any of the parent directories): .git
2024-09-05 16:14:15.960 [info] > git rev-parse --show-toplevel [1ms]
2024-09-05 16:14:15.960 [info] fatal: not a git repository (or any of the parent directories): .git
2024-09-05 16:14:40.621 [info] > git rev-parse --show-toplevel [1ms]
2024-09-05 16:14:40.621 [info] fatal: not a git repository (or any of the parent directories): .git
2024-09-05 16:15:28.193 [info] > git rev-parse --show-toplevel [1ms]
2024-09-05 16:15:28.193 [info] fatal: not a git repository (or any of the parent directories): .git
2024-09-05 16:15:58.224 [info] > git rev-parse --show-toplevel [1ms]
2024-09-05 16:15:58.224 [info] fatal: not a git repository (or any of the parent directories): .git
2024-09-05 16:16:12.980 [info] > git rev-parse --show-toplevel [1ms]
2024-09-05 16:16:12.980 [info] fatal: not a git repository (or any of the parent directories): .git
2024-09-05 16:16:30.031 [info] > git rev-parse --show-toplevel [1ms]
2024-09-05 16:16:30.031 [info] fatal: not a git repository (or any of the parent directories): .git
2024-09-05 16:16:50.041 [info] > git rev-parse --show-toplevel [1ms]
2024-09-05 16:16:50.041 [info] fatal: not a git repository (or any of the parent directories): .git
2024-09-05 16:19:25.472 [info] > git rev-parse --show-toplevel [1ms]
2024-09-05 16:19:25.472 [info] fatal: not a git repository (or any of the parent directories): .git
2024-09-05 16:21:09.455 [info] > git rev-parse --show-toplevel [0ms]
2024-09-05 16:21:09.455 [info] fatal: not a git repository (or any of the parent directories): .git
2024-09-05 16:21:19.003 [info] > git rev-parse --show-toplevel [1ms]
2024-09-05 16:21:19.003 [info] fatal: not a git repository (or any of the parent directories): .git
2024-09-05 16:21:38.421 [info] > git rev-parse --show-toplevel [1ms]
2024-09-05 16:21:38.421 [info] fatal: not a git repository (or any of the parent directories): .git
2024-09-05 16:22:03.005 [info] > git rev-parse --show-toplevel [1ms]
2024-09-05 16:22:03.005 [info] fatal: not a git repository (or any of the parent directories): .git
2024-09-05 16:22:31.851 [info] > git rev-parse --show-toplevel [1ms]
2024-09-05 16:22:31.851 [info] fatal: not a git repository (or any of the parent directories): .git
2024-09-05 16:22:48.094 [info] > git rev-parse --show-toplevel [0ms]
2024-09-05 16:22:48.094 [info] fatal: not a git repository (or any of the parent directories): .git
2024-09-05 16:23:06.002 [info] > git rev-parse --show-toplevel [1ms]
2024-09-05 16:23:06.002 [info] fatal: not a git repository (or any of the parent directories): .git
2024-09-05 16:23:33.422 [info] > git rev-parse --show-toplevel [1ms]
2024-09-05 16:23:33.422 [info] fatal: not a git repository (or any of the parent directories): .git
2024-09-05 16:23:49.083 [info] > git rev-parse --show-toplevel [1ms]
2024-09-05 16:23:49.083 [info] fatal: not a git repository (or any of the parent directories): .git
2024-09-05 16:24:07.294 [info] > git rev-parse --show-toplevel [0ms]
2024-09-05 16:24:07.294 [info] fatal: not a git repository (or any of the parent directories): .git
2024-09-05 16:25:44.684 [info] > git rev-parse --show-toplevel [0ms]
2024-09-05 16:25:44.684 [info] fatal: not a git repository (or any of the parent directories): .git
2024-09-05 16:27:12.838 [info] > git rev-parse --show-toplevel [1ms]
2024-09-05 16:27:12.838 [info] fatal: not a git repository (or any of the parent directories): .git
2024-09-05 16:27:27.531 [info] > git rev-parse --show-toplevel [1ms]
2024-09-05 16:27:27.531 [info] fatal: not a git repository (or any of the parent directories): .git
2024-09-05 16:27:34.556 [info] > git rev-parse --show-toplevel [1ms]
2024-09-05 16:27:34.556 [info] fatal: not a git repository (or any of the parent directories): .git
2024-09-05 16:28:12.755 [info] > git rev-parse --show-toplevel [1ms]
2024-09-05 16:28:12.755 [info] fatal: not a git repository (or any of the parent directories): .git
2024-09-05 16:28:24.711 [info] > git rev-parse --show-toplevel [1ms]
2024-09-05 16:28:24.711 [info] fatal: not a git repository (or any of the parent directories): .git
2024-09-05 16:28:43.930 [info] > git rev-parse --show-toplevel [1ms]
2024-09-05 16:28:43.930 [info] fatal: not a git repository (or any of the parent directories): .git
2024-09-05 16:28:53.675 [info] > git rev-parse --show-toplevel [1ms]
2024-09-05 16:28:53.675 [info] fatal: not a git repository (or any of the parent directories): .git
2024-09-05 16:29:07.253 [info] > git rev-parse --show-toplevel [0ms]
2024-09-05 16:29:07.253 [info] fatal: not a git repository (or any of the parent directories): .git
2024-09-05 16:29:36.479 [info] > git rev-parse --show-toplevel [1ms]
2024-09-05 16:29:36.479 [info] fatal: not a git repository (or any of the parent directories): .git
2024-09-05 16:30:28.163 [info] > git rev-parse --show-toplevel [1ms]
2024-09-05 16:30:28.163 [info] fatal: not a git repository (or any of the parent directories): .git
2024-09-05 16:31:03.797 [info] > git rev-parse --show-toplevel [1ms]
2024-09-05 16:31:03.797 [info] fatal: not a git repository (or any of the parent directories): .git
2024-09-05 16:33:45.363 [info] > git rev-parse --show-toplevel [1ms]
2024-09-05 16:33:45.363 [info] fatal: not a git repository (or any of the parent directories): .git
2024-09-05 16:34:14.861 [info] > git rev-parse --show-toplevel [0ms]
2024-09-05 16:34:14.861 [info] fatal: not a git repository (or any of the parent directories): .git
2024-09-05 16:34:35.007 [info] > git rev-parse --show-toplevel [1ms]
2024-09-05 16:34:35.007 [info] fatal: not a git repository (or any of the parent directories): .git
2024-09-05 16:35:31.332 [info] > git rev-parse --show-toplevel [1ms]
2024-09-05 16:35:31.332 [info] fatal: not a git repository (or any of the parent directories): .git
2024-09-05 16:36:27.893 [info] > git rev-parse --show-toplevel [1ms]
2024-09-05 16:36:27.893 [info] fatal: not a git repository (or any of the parent directories): .git
2024-09-05 16:40:18.002 [info] > git rev-parse --show-toplevel [1ms]
2024-09-05 16:40:18.002 [info] fatal: not a git repository (or any of the parent directories): .git
2024-09-05 16:48:33.963 [info] > git rev-parse --show-toplevel [1ms]
2024-09-05 16:48:33.963 [info] fatal: not a git repository (or any of the parent directories): .git
2024-09-05 16:53:12.788 [info] > git rev-parse --show-toplevel [0ms]
2024-09-05 16:53:12.788 [info] fatal: not a git repository (or any of the parent directories): .git
2024-09-05 17:04:01.506 [info] > git rev-parse --show-toplevel [1ms]
2024-09-05 17:04:01.506 [info] fatal: not a git repository (or any of the parent directories): .git
2024-09-05 17:04:11.255 [info] > git rev-parse --show-toplevel [0ms]
2024-09-05 17:04:11.255 [info] fatal: not a git repository (or any of the parent directories): .git
2024-09-05 17:04:15.138 [info] > git rev-parse --show-toplevel [1ms]
2024-09-05 17:04:15.138 [info] fatal: not a git repository (or any of the parent directories): .git
2024-09-05 17:04:17.117 [info] > git rev-parse --show-toplevel [1ms]
2024-09-05 17:04:17.117 [info] fatal: not a git repository (or any of the parent directories): .git
2024-09-05 17:04:29.622 [info] > git rev-parse --show-toplevel [0ms]
2024-09-05 17:04:29.622 [info] fatal: not a git repository (or any of the parent directories): .git
2024-09-05 17:57:03.451 [info] > git rev-parse --show-toplevel [1ms]
2024-09-05 17:57:03.451 [info] fatal: not a git repository (or any of the parent directories): .git
